#
# There is insufficient memory for the Java Runtime Environment to continue.
# Native memory allocation (malloc) failed to allocate 32744 bytes for ChunkPool::allocate
# Possible reasons:
#   The system is out of physical RAM or swap space
#   The process is running with CompressedOops enabled, and the Java Heap may be blocking the growth of the native heap
# Possible solutions:
#   Reduce memory load on the system
#   Increase physical memory or swap space
#   Check if swap backing store is full
#   Decrease Java heap size (-Xmx/-Xms)
#   Decrease number of Java threads
#   Decrease Java thread stack sizes (-Xss)
#   Set larger code cache with -XX:ReservedCodeCacheSize=
#   JVM is running with Unscaled Compressed Oops mode in which the Java heap is
#     placed in the first 4GB address space. The Java Heap base address is the
#     maximum limit for the native heap growth. Please use -XX:HeapBaseMinAddress
#     to set the Java Heap base and to place the Java Heap above 4GB virtual address.
# This output file may be truncated or incomplete.
#
#  Out of Memory Error (allocation.cpp:272), pid=14236, tid=0x000000000000278c
#
# JRE version: Java(TM) SE Runtime Environment (8.0_211-b12) (build 1.8.0_211-b12)
# Java VM: Java HotSpot(TM) 64-Bit Server VM (25.211-b12 mixed mode windows-amd64 compressed oops)
# Failed to write core dump. Minidumps are not enabled by default on client versions of Windows
#

---------------  T H R E A D  ---------------

Current thread (0x0000000013d7a000):  JavaThread "C1 CompilerThread2" daemon [_thread_in_native, id=10124, stack(0x00000000155e0000,0x00000000156e0000)]

Stack: [0x00000000155e0000,0x00000000156e0000]
[error occurred during error reporting (printing stack bounds), id 0xc0000005]

Native frames: (J=compiled Java code, j=interpreted, Vv=VM code, C=native code)


Current CompileTask:
C1:   3608 1519       3       java.lang.invoke.InvokerBytecodeGenerator::isStaticallyInvocable (169 bytes)


---------------  P R O C E S S  ---------------

Java Threads: ( => current thread )
  0x0000000017c05000 JavaThread "Cache worker for journal cache (C:\Users\USER\.gradle\caches\journal-1)" [_thread_blocked, id=15856, stack(0x0000000019b00000,0x0000000019c00000)]
  0x0000000017c0a000 JavaThread "File lock request listener" [_thread_in_native, id=17656, stack(0x0000000019a00000,0x0000000019b00000)]
  0x0000000017c08000 JavaThread "Cache worker for file hash cache (C:\Users\USER\.gradle\caches\6.9\fileHashes)" [_thread_blocked, id=18112, stack(0x0000000019900000,0x0000000019a00000)]
  0x0000000017b3a800 JavaThread "Daemon client event forwarder" [_thread_in_Java, id=11368, stack(0x0000000019600000,0x0000000019700000)]
  0x0000000017b34800 JavaThread "Stdin handler" [_thread_blocked, id=17596, stack(0x0000000019500000,0x0000000019600000)]
  0x0000000017b37000 JavaThread "Asynchronous log dispatcher for DefaultDaemonConnection: socket connection from /127.0.0.1:4428 to /127.0.0.1:4429" [_thread_blocked, id=17748, stack(0x0000000019400000,0x0000000019500000)]
  0x0000000017b36000 JavaThread "Daemon worker" [_thread_in_vm, id=14848, stack(0x0000000019300000,0x0000000019400000)]
  0x0000000017b14000 JavaThread "Cancel handler" [_thread_blocked, id=15804, stack(0x0000000019200000,0x0000000019300000)]
  0x0000000017b0b000 JavaThread "Handler for socket connection from /127.0.0.1:4428 to /127.0.0.1:4429" [_thread_in_native, id=10884, stack(0x0000000018f00000,0x0000000019000000)]
  0x0000000017ac9000 JavaThread "Daemon" [_thread_blocked, id=12408, stack(0x0000000018e00000,0x0000000018f00000)]
  0x0000000017ac7800 JavaThread "Daemon periodic checks" [_thread_blocked, id=7956, stack(0x0000000018d00000,0x0000000018e00000)]
  0x0000000017ae6000 JavaThread "Incoming local TCP Connector on port 4428" [_thread_in_native, id=8696, stack(0x0000000018ac0000,0x0000000018bc0000)]
  0x00000000179ca000 JavaThread "Daemon health stats" [_thread_blocked, id=13608, stack(0x0000000018480000,0x0000000018580000)]
  0x0000000013dce800 JavaThread "Service Thread" daemon [_thread_blocked, id=11496, stack(0x0000000015ae0000,0x0000000015be0000)]
=>0x0000000013d7a000 JavaThread "C1 CompilerThread2" daemon [_thread_in_native, id=10124, stack(0x00000000155e0000,0x00000000156e0000)]
  0x0000000013d6f000 JavaThread "C2 CompilerThread1" daemon [_thread_in_native, id=16520, stack(0x00000000154e0000,0x00000000155e0000)]
  0x0000000013d6b000 JavaThread "C2 CompilerThread0" daemon [_thread_in_native, id=3712, stack(0x00000000153e0000,0x00000000154e0000)]
  0x0000000013d79800 JavaThread "Attach Listener" daemon [_thread_blocked, id=16172, stack(0x00000000152e0000,0x00000000153e0000)]
  0x0000000013d78000 JavaThread "Signal Dispatcher" daemon [_thread_blocked, id=17488, stack(0x00000000151e0000,0x00000000152e0000)]
  0x000000000294a800 JavaThread "Finalizer" daemon [_thread_blocked, id=11032, stack(0x0000000014fe0000,0x00000000150e0000)]
  0x0000000002941800 JavaThread "Reference Handler" daemon [_thread_blocked, id=10568, stack(0x0000000014ee0000,0x0000000014fe0000)]
  0x0000000002852800 JavaThread "main" [_thread_blocked, id=16312, stack(0x00000000026e0000,0x00000000027e0000)]

Other Threads:
  0x0000000013d37800 VMThread [stack: 0x0000000014de0000,0x0000000014ee0000] [id=18188]
  0x000000001572e800 WatcherThread [stack: 0x0000000015be0000,0x0000000015ce0000] [id=18016]

VM state:not at safepoint (normal execution)

VM Mutex/Monitor currently owned by a thread: None

heap address: 0x00000000e0000000, size: 512 MB, Compressed Oops mode: 32-bit
Narrow klass base: 0x0000000000000000, Narrow klass shift: 3
Compressed class space size: 1073741824 Address: 0x0000000100000000

Heap:
 PSYoungGen      total 76288K, used 27597K [0x00000000f5580000, 0x00000000faa80000, 0x0000000100000000)
  eden space 65536K, 27% used [0x00000000f5580000,0x00000000f67612f8,0x00000000f9580000)
  from space 10752K, 86% used [0x00000000fa000000,0x00000000fa912190,0x00000000faa80000)
  to   space 10752K, 0% used [0x00000000f9580000,0x00000000f9580000,0x00000000fa000000)
 ParOldGen       total 175104K, used 16K [0x00000000e0000000, 0x00000000eab00000, 0x00000000f5580000)
  object space 175104K, 0% used [0x00000000e0000000,0x00000000e0004000,0x00000000eab00000)
 Metaspace       used 16270K, capacity 16906K, committed 17152K, reserved 1064960K
  class space    used 2330K, capacity 2505K, committed 2560K, reserved 1048576K

Card table byte_map: [0x0000000011d10000,0x0000000011e20000] byte_map_base: 0x0000000011610000

Marking Bits: (ParMarkBitMap*) 0x0000000070395ce0
 Begin Bits: [0x00000000122d0000, 0x0000000012ad0000)
 End Bits:   [0x0000000012ad0000, 0x00000000132d0000)

Polling page: 0x0000000000ed0000

CodeCache: size=245760Kb used=5420Kb max_used=5420Kb free=240339Kb
 bounds [0x0000000002950000, 0x0000000002ea0000, 0x0000000011950000]
 total_blobs=1926 nmethods=1514 adapters=324
 compilation: enabled

Compilation events (10 events):
Event: 3.549 Thread 0x0000000013d7a000 nmethod 1512 0x0000000002e9b310 code [0x0000000002e9b460, 0x0000000002e9b570]
Event: 3.563 Thread 0x0000000013d7a000 1514       3       org.gradle.internal.service.DefaultServiceRegistry$FactoryService::<init> (7 bytes)
Event: 3.563 Thread 0x0000000013d7a000 nmethod 1514 0x0000000002e9b950 code [0x0000000002e9bb20, 0x0000000002e9c1e8]
Event: 3.570 Thread 0x0000000013d7a000 1515       3       java.util.ArrayList::contains (14 bytes)
Event: 3.571 Thread 0x0000000013d7a000 nmethod 1515 0x0000000002e9c6d0 code [0x0000000002e9c840, 0x0000000002e9ca28]
Event: 3.571 Thread 0x0000000013d7a000 1516       3       org.gradle.internal.service.DefaultServiceRegistry$SingletonService::getAll (23 bytes)
Event: 3.571 Thread 0x0000000013d7a000 nmethod 1516 0x0000000002e9cad0 code [0x0000000002e9cc60, 0x0000000002e9cfa8]
Event: 3.573 Thread 0x0000000013d7a000 1517       1       sun.reflect.generics.repository.AbstractRepository::getFactory (5 bytes)
Event: 3.573 Thread 0x0000000013d7a000 nmethod 1517 0x0000000002e9d0d0 code [0x0000000002e9d220, 0x0000000002e9d330]
Event: 3.581 Thread 0x0000000013d7a000 1519       3       java.lang.invoke.InvokerBytecodeGenerator::isStaticallyInvocable (169 bytes)

GC Heap History (4 events):
Event: 1.621 GC heap before
{Heap before GC invocations=1 (full 0):
 PSYoungGen      total 76288K, used 65536K [0x00000000f5580000, 0x00000000faa80000, 0x0000000100000000)
  eden space 65536K, 100% used [0x00000000f5580000,0x00000000f9580000,0x00000000f9580000)
  from space 10752K, 0% used [0x00000000fa000000,0x00000000fa000000,0x00000000faa80000)
  to   space 10752K, 0% used [0x00000000f9580000,0x00000000f9580000,0x00000000fa000000)
 ParOldGen       total 175104K, used 0K [0x00000000e0000000, 0x00000000eab00000, 0x00000000f5580000)
  object space 175104K, 0% used [0x00000000e0000000,0x00000000e0000000,0x00000000eab00000)
 Metaspace       used 7357K, capacity 7550K, committed 7680K, reserved 1056768K
  class space    used 924K, capacity 1005K, committed 1024K, reserved 1048576K
Event: 1.631 GC heap after
Heap after GC invocations=1 (full 0):
 PSYoungGen      total 76288K, used 5848K [0x00000000f5580000, 0x00000000faa80000, 0x0000000100000000)
  eden space 65536K, 0% used [0x00000000f5580000,0x00000000f5580000,0x00000000f9580000)
  from space 10752K, 54% used [0x00000000f9580000,0x00000000f9b363c8,0x00000000fa000000)
  to   space 10752K, 0% used [0x00000000fa000000,0x00000000fa000000,0x00000000faa80000)
 ParOldGen       total 175104K, used 8K [0x00000000e0000000, 0x00000000eab00000, 0x00000000f5580000)
  object space 175104K, 0% used [0x00000000e0000000,0x00000000e0002000,0x00000000eab00000)
 Metaspace       used 7357K, capacity 7550K, committed 7680K, reserved 1056768K
  class space    used 924K, capacity 1005K, committed 1024K, reserved 1048576K
}
Event: 3.296 GC heap before
{Heap before GC invocations=2 (full 0):
 PSYoungGen      total 76288K, used 71384K [0x00000000f5580000, 0x00000000faa80000, 0x0000000100000000)
  eden space 65536K, 100% used [0x00000000f5580000,0x00000000f9580000,0x00000000f9580000)
  from space 10752K, 54% used [0x00000000f9580000,0x00000000f9b363c8,0x00000000fa000000)
  to   space 10752K, 0% used [0x00000000fa000000,0x00000000fa000000,0x00000000faa80000)
 ParOldGen       total 175104K, used 8K [0x00000000e0000000, 0x00000000eab00000, 0x00000000f5580000)
  object space 175104K, 0% used [0x00000000e0000000,0x00000000e0002000,0x00000000eab00000)
 Metaspace       used 14170K, capacity 14638K, committed 14720K, reserved 1062912K
  class space    used 1997K, capacity 2139K, committed 2176K, reserved 1048576K
Event: 3.310 GC heap after
Heap after GC invocations=2 (full 0):
 PSYoungGen      total 76288K, used 9288K [0x00000000f5580000, 0x00000000faa80000, 0x0000000100000000)
  eden space 65536K, 0% used [0x00000000f5580000,0x00000000f5580000,0x00000000f9580000)
  from space 10752K, 86% used [0x00000000fa000000,0x00000000fa912190,0x00000000faa80000)
  to   space 10752K, 0% used [0x00000000f9580000,0x00000000f9580000,0x00000000fa000000)
 ParOldGen       total 175104K, used 16K [0x00000000e0000000, 0x00000000eab00000, 0x00000000f5580000)
  object space 175104K, 0% used [0x00000000e0000000,0x00000000e0004000,0x00000000eab00000)
 Metaspace       used 14170K, capacity 14638K, committed 14720K, reserved 1062912K
  class space    used 1997K, capacity 2139K, committed 2176K, reserved 1048576K
}

Deoptimization events (10 events):
Event: 2.980 Thread 0x0000000017b36000 Uncommon trap: reason=bimorphic action=maybe_recompile pc=0x0000000002b84718 method=java.util.HashMap.putVal(ILjava/lang/Object;Ljava/lang/Object;ZZ)Ljava/lang/Object; @ 253
Event: 3.258 Thread 0x0000000017b36000 Uncommon trap: reason=class_check action=maybe_recompile pc=0x0000000002ca3284 method=java.util.regex.Matcher.match(II)Z @ 86
Event: 3.278 Thread 0x0000000017b36000 Uncommon trap: reason=class_check action=maybe_recompile pc=0x0000000002ca3284 method=java.util.regex.Matcher.match(II)Z @ 86
Event: 3.279 Thread 0x0000000017b36000 Uncommon trap: reason=class_check action=maybe_recompile pc=0x0000000002ca3284 method=java.util.regex.Matcher.match(II)Z @ 86
Event: 3.279 Thread 0x0000000017b36000 Uncommon trap: reason=class_check action=maybe_recompile pc=0x0000000002b03f60 method=java.util.regex.Matcher.match(II)Z @ 86
Event: 3.374 Thread 0x0000000017b36000 Uncommon trap: reason=unstable_if action=reinterpret pc=0x0000000002c96958 method=java.io.File.getName()Ljava/lang/String; @ 16
Event: 3.374 Thread 0x0000000017b36000 Uncommon trap: reason=unstable_if action=reinterpret pc=0x0000000002c7cf50 method=java.lang.String.substring(I)Ljava/lang/String; @ 35
Event: 3.492 Thread 0x0000000017b36000 Uncommon trap: reason=unstable_if action=reinterpret pc=0x0000000002bcb4c4 method=java.util.HashMap.getNode(ILjava/lang/Object;)Ljava/util/HashMap$Node; @ 129
Event: 3.492 Thread 0x0000000017b36000 Uncommon trap: reason=bimorphic action=maybe_recompile pc=0x0000000002e01bc4 method=java.util.HashMap.putVal(ILjava/lang/Object;Ljava/lang/Object;ZZ)Ljava/lang/Object; @ 203
Event: 3.492 Thread 0x0000000017b36000 Uncommon trap: reason=unstable_if action=reinterpret pc=0x0000000002bb9f90 method=java.util.HashMap.getNode(ILjava/lang/Object;)Ljava/util/HashMap$Node; @ 129

Classes redefined (0 events):
No events

Internal exceptions (10 events):
Event: 0.889 Thread 0x0000000002852800 Exception <a 'java/lang/ArrayIndexOutOfBoundsException'> (0x00000000f6c2a2b0) thrown at [C:\re\workspace\8-2-build-windows-amd64-cygwin\jdk8u211\12973\hotspot\src\share\vm\runtime\sharedRuntime.cpp, line 605]
Event: 0.889 Thread 0x0000000002852800 Exception <a 'java/lang/ArrayIndexOutOfBoundsException'> (0x00000000f6c2c190) thrown at [C:\re\workspace\8-2-build-windows-amd64-cygwin\jdk8u211\12973\hotspot\src\share\vm\runtime\sharedRuntime.cpp, line 605]
Event: 1.950 Thread 0x0000000002852800 Exception <a 'java/lang/NoSuchMethodError': java.lang.Object.lambda$get$0(Ljava/util/function/Supplier;Ljava/lang/Object;)Ljava/lang/Object;> (0x00000000f6ff7f00) thrown at [C:\re\workspace\8-2-build-windows-amd64-cygwin\jdk8u211\12973\hotspot\src\share\v
Event: 2.903 Thread 0x0000000002852800 Exception <a 'java/io/IOException'> (0x00000000f7375f60) thrown at [C:\re\workspace\8-2-build-windows-amd64-cygwin\jdk8u211\12973\hotspot\src\share\vm\prims\jni.cpp, line 710]
Event: 3.188 Thread 0x0000000017b36000 Exception <a 'java/lang/NoSuchMethodError': java.lang.Object.lambda$static$0(Lorg/gradle/internal/state/ModelObject;)Ljava/lang/String;> (0x00000000f8a48c58) thrown at [C:\re\workspace\8-2-build-windows-amd64-cygwin\jdk8u211\12973\hotspot\src\share\vm\int
Event: 3.246 Thread 0x0000000017b36000 Exception <a 'java/lang/IncompatibleClassChangeError': Found class java.lang.Object, but interface was expected> (0x00000000f91bb220) thrown at [C:\re\workspace\8-2-build-windows-amd64-cygwin\jdk8u211\12973\hotspot\src\share\vm\interpreter\linkResolver.cp
Event: 3.440 Thread 0x0000000017b36000 Exception <a 'java/lang/NoSuchMethodError': java.lang.Object.lambda$and$0(Ljava/util/function/Predicate;Ljava/lang/Object;)Z> (0x00000000f5cc9ba0) thrown at [C:\re\workspace\8-2-build-windows-amd64-cygwin\jdk8u211\12973\hotspot\src\share\vm\interpreter\li
Event: 3.444 Thread 0x0000000017b36000 Exception <a 'java/lang/IncompatibleClassChangeError': Found class java.lang.Object, but interface was expected> (0x00000000f5cd9fc8) thrown at [C:\re\workspace\8-2-build-windows-amd64-cygwin\jdk8u211\12973\hotspot\src\share\vm\interpreter\linkResolver.cp
Event: 3.446 Thread 0x0000000017b36000 Exception <a 'java/lang/NoSuchMethodError': java.lang.Object.lambda$or$2(Ljava/util/function/Predicate;Ljava/lang/Object;)Z> (0x00000000f5cdecd8) thrown at [C:\re\workspace\8-2-build-windows-amd64-cygwin\jdk8u211\12973\hotspot\src\share\vm\interpreter\lin
Event: 3.483 Thread 0x0000000017b36000 Exception <a 'java/lang/NoSuchMethodError': java.lang.Object.lambda$comparing$77a9974f$1(Ljava/util/function/Function;Ljava/lang/Object;Ljava/lang/Object;)I> (0x00000000f60ffb78) thrown at [C:\re\workspace\8-2-build-windows-amd64-cygwin\jdk8u211\12973\hot

Events (10 events):
Event: 3.578 loading class org/gradle/kotlin/dsl/provider/ClassPathModeExceptionCollector
Event: 3.578 loading class org/gradle/kotlin/dsl/provider/ClassPathModeExceptionCollector done
Event: 3.579 loading class org/gradle/internal/execution/ExecutionEngine
Event: 3.579 loading class org/gradle/internal/execution/ExecutionEngine done
Event: 3.579 loading class org/gradle/kotlin/dsl/provider/KotlinCompilerContextDisposer
Event: 3.579 loading class org/gradle/kotlin/dsl/provider/KotlinCompilerContextDisposer done
Event: 3.580 loading class org/gradle/kotlin/dsl/provider/KotlinScriptEvaluator
Event: 3.580 loading class org/gradle/kotlin/dsl/provider/KotlinScriptEvaluator done
Event: 3.581 loading class org/gradle/api/internal/artifacts/dsl/dependencies/DependencyFactory
Event: 3.581 loading class org/gradle/api/internal/artifacts/dsl/dependencies/DependencyFactory done


Dynamic libraries:
0x00007ff709f50000 - 0x00007ff709f87000 	C:\Program Files\Java\jdk1.8.0_211\bin\java.exe
0x00007ff9d1450000 - 0x00007ff9d1645000 	C:\WINDOWS\SYSTEM32\ntdll.dll
0x00007ff9d0480000 - 0x00007ff9d053e000 	C:\WINDOWS\System32\KERNEL32.DLL
0x00007ff9cefa0000 - 0x00007ff9cf268000 	C:\WINDOWS\System32\KERNELBASE.dll
0x00007ff9d0dc0000 - 0x00007ff9d0e6c000 	C:\WINDOWS\System32\ADVAPI32.dll
0x00007ff9d0390000 - 0x00007ff9d042e000 	C:\WINDOWS\System32\msvcrt.dll
0x00007ff9d0a90000 - 0x00007ff9d0b2b000 	C:\WINDOWS\System32\sechost.dll
0x00007ff9d0720000 - 0x00007ff9d084a000 	C:\WINDOWS\System32\RPCRT4.dll
0x00007ff9cf510000 - 0x00007ff9cf6b1000 	C:\WINDOWS\System32\USER32.dll
0x00007ff9cebd0000 - 0x00007ff9cebf2000 	C:\WINDOWS\System32\win32u.dll
0x00007ff9d0540000 - 0x00007ff9d056b000 	C:\WINDOWS\System32\GDI32.dll
0x00007ff9cec60000 - 0x00007ff9ced6b000 	C:\WINDOWS\System32\gdi32full.dll
0x00007ff9cee00000 - 0x00007ff9cee9d000 	C:\WINDOWS\System32\msvcp_win.dll
0x00007ff9ceea0000 - 0x00007ff9cefa0000 	C:\WINDOWS\System32\ucrtbase.dll
0x00007ff9b4710000 - 0x00007ff9b49aa000 	C:\WINDOWS\WinSxS\amd64_microsoft.windows.common-controls_6595b64144ccf1df_6.0.19041.1110_none_60b5254171f9507e\COMCTL32.dll
0x00007ff9d0450000 - 0x00007ff9d0480000 	C:\WINDOWS\System32\IMM32.DLL
0x0000000070420000 - 0x00000000704f2000 	C:\Program Files\Java\jdk1.8.0_211\jre\bin\msvcr100.dll
0x000000006fb70000 - 0x0000000070415000 	C:\Program Files\Java\jdk1.8.0_211\jre\bin\server\jvm.dll
0x00007ff9d0ce0000 - 0x00007ff9d0ce8000 	C:\WINDOWS\System32\PSAPI.DLL
0x00007ff9c1370000 - 0x00007ff9c137a000 	C:\WINDOWS\SYSTEM32\VERSION.dll
0x00007ff9c8b20000 - 0x00007ff9c8b47000 	C:\WINDOWS\SYSTEM32\WINMM.dll
0x00007ff9b2e30000 - 0x00007ff9b2e39000 	C:\WINDOWS\SYSTEM32\WSOCK32.dll
0x00007ff9d0cf0000 - 0x00007ff9d0d5b000 	C:\WINDOWS\System32\WS2_32.dll
0x00007ff9bfb30000 - 0x00007ff9bfb3f000 	C:\Program Files\Java\jdk1.8.0_211\jre\bin\verify.dll
0x00007ff9be1d0000 - 0x00007ff9be1f9000 	C:\Program Files\Java\jdk1.8.0_211\jre\bin\java.dll
0x00007ff9acee0000 - 0x00007ff9acef6000 	C:\Program Files\Java\jdk1.8.0_211\jre\bin\zip.dll
0x00007ff9cf720000 - 0x00007ff9cfe5f000 	C:\WINDOWS\System32\SHELL32.dll
0x00007ff9cc900000 - 0x00007ff9cd090000 	C:\WINDOWS\SYSTEM32\windows.storage.dll
0x00007ff9d1020000 - 0x00007ff9d1375000 	C:\WINDOWS\System32\combase.dll
0x00007ff9ce5b0000 - 0x00007ff9ce5de000 	C:\WINDOWS\SYSTEM32\Wldp.dll
0x00007ff9d02e0000 - 0x00007ff9d038d000 	C:\WINDOWS\System32\SHCORE.dll
0x00007ff9d0d60000 - 0x00007ff9d0db5000 	C:\WINDOWS\System32\shlwapi.dll
0x00007ff9ceb10000 - 0x00007ff9ceb2f000 	C:\WINDOWS\SYSTEM32\profapi.dll
0x00007ff9acb30000 - 0x00007ff9acb4a000 	C:\Program Files\Java\jdk1.8.0_211\jre\bin\net.dll
0x00007ff9c0dc0000 - 0x00007ff9c0fab000 	C:\WINDOWS\SYSTEM32\urlmon.dll
0x00007ff9c1500000 - 0x00007ff9c1528000 	C:\WINDOWS\SYSTEM32\srvcli.dll
0x00007ff9c1670000 - 0x00007ff9c1920000 	C:\WINDOWS\SYSTEM32\iertutil.dll
0x00007ff9ce110000 - 0x00007ff9ce11c000 	C:\WINDOWS\SYSTEM32\netutils.dll
0x00007ff9ce310000 - 0x00007ff9ce37a000 	C:\WINDOWS\system32\mswsock.dll
0x00007ff9a94b0000 - 0x00007ff9a94c2000 	C:\Program Files\Java\jdk1.8.0_211\jre\bin\nio.dll
0x00007ff9a84d0000 - 0x00007ff9a84f7000 	C:\Users\USER\.gradle\native\49d0259a56938c7f99b2704e745ce422c4f750a7a20b539a32ccef96729676b1\windows-amd64\native-platform.dll
0x00007ff9890e0000 - 0x00007ff989271000 	C:\Users\USER\.gradle\native\12488b8bf47d2d4c9fbf2f6322a914ad602e24e48041cd04a747c6da556b65c4\windows-amd64\native-platform-file-events.dll
0x00007ff9bfa00000 - 0x00007ff9bfa0d000 	C:\Program Files\Java\jdk1.8.0_211\jre\bin\management.dll
0x00007ff9ce500000 - 0x00007ff9ce518000 	C:\WINDOWS\SYSTEM32\CRYPTSP.dll
0x00007ff9cdc20000 - 0x00007ff9cdc54000 	C:\WINDOWS\system32\rsaenh.dll
0x00007ff9cf4d0000 - 0x00007ff9cf4f7000 	C:\WINDOWS\System32\bcrypt.dll
0x00007ff9cea90000 - 0x00007ff9ceabe000 	C:\WINDOWS\SYSTEM32\USERENV.dll
0x00007ff9ced70000 - 0x00007ff9cedf3000 	C:\WINDOWS\System32\bcryptprimitives.dll
0x00007ff9ce520000 - 0x00007ff9ce52c000 	C:\WINDOWS\SYSTEM32\CRYPTBASE.dll
0x00007ff9cdf90000 - 0x00007ff9cdfcb000 	C:\WINDOWS\SYSTEM32\IPHLPAPI.DLL
0x00007ff9cf500000 - 0x00007ff9cf508000 	C:\WINDOWS\System32\NSI.dll
0x00007ff9c1b00000 - 0x00007ff9c1b17000 	C:\WINDOWS\SYSTEM32\dhcpcsvc6.DLL
0x00007ff9c3d60000 - 0x00007ff9c3d7d000 	C:\WINDOWS\SYSTEM32\dhcpcsvc.DLL
0x00007ff9ce030000 - 0x00007ff9ce0fb000 	C:\WINDOWS\SYSTEM32\DNSAPI.dll

VM Arguments:
jvm_args: -XX:MaxMetaspaceSize=256m -XX:+HeapDumpOnOutOfMemoryError -Xms256m -Xmx512m -Dfile.encoding=windows-1252 -Duser.country=US -Duser.language=en -Duser.variant 
java_command: org.gradle.launcher.daemon.bootstrap.GradleDaemon 6.9
java_class_path (initial): C:\Users\USER\.gradle\wrapper\dists\gradle-6.9-all\dooywd8nv05k16orzxge2b1bs\gradle-6.9\lib\gradle-launcher-6.9.jar
Launcher Type: SUN_STANDARD

Environment Variables:
JAVA_HOME=C:\Program Files\Java\jdk1.8.0_211
CLASSPATH=E:\Matrix-work-from home\ReactNativeProject\kickapp\android\\gradle\wrapper\gradle-wrapper.jar
PATH=E:\Matrix-work-from home\ReactNativeProject\kickapp\android\node_modules\.bin;E:\Matrix-work-from home\ReactNativeProject\kickapp\node_modules\.bin;E:\Matrix-work-from home\ReactNativeProject\node_modules\.bin;E:\Matrix-work-from home\node_modules\.bin;E:\node_modules\.bin;C:\Program Files\nodejs;E:\Matrix-work-from home\ReactNativeProject\kickapp\node_modules\.bin;C:\Python27\;C:\Python27\Scripts;C:\Program Files\Intel\iCLS Client\;C:\WINDOWS\system32;C:\WINDOWS;C:\WINDOWS\System32\Wbem;C:\WINDOWS\System32\WindowsPowerShell\v1.0\;C:\Program Files (x86)\Microsoft VS Code\bin;C:\ProgramData\chocolatey\bin;C:\Program Files\Java\jdk1.8.0_211\bin;C:\Program Files\nodejs\;C:\Program Files\Git\cmd;C:\WINDOWS\System32\OpenSSH\;C:\Users\USER\AppData\Local\Android\Sdk\platform-tools;C:\Users\USER\AppData\Local\GitHubDesktop\bin;C:\Users\USER\AppData\Roaming\npm;%USERPROFILE%\AppData\Local\Microsoft\WindowsApps
USERNAME=USER
OS=Windows_NT
PROCESSOR_IDENTIFIER=Intel64 Family 6 Model 78 Stepping 3, GenuineIntel



---------------  S Y S T E M  ---------------

OS: Windows 10.0 , 64 bit Build 19041 (10.0.19041.1348)

CPU:total 4 (initial active 4) (2 cores per cpu, 2 threads per core) family 6 model 78 stepping 3, cmov, cx8, fxsr, mmx, sse, sse2, sse3, ssse3, sse4.1, sse4.2, popcnt, avx, avx2, aes, clmul, erms, rtm, 3dnowpref, lzcnt, ht, tsc, tscinvbit, bmi1, bmi2, adx

Memory: 4k page, physical 12358724k(1896524k free), swap 12358724k(3112k free)

vm_info: Java HotSpot(TM) 64-Bit Server VM (25.211-b12) for windows-amd64 JRE (1.8.0_211-b12), built on Apr  1 2019 20:53:26 by "java_re" with MS VC++ 10.0 (VS2010)

time: Wed Jan 19 21:25:46 2022
timezone: India Standard Time
elapsed time: 3 seconds (0d 0h 0m 3s)

