#
# There is insufficient memory for the Java Runtime Environment to continue.
# Native memory allocation (malloc) failed to allocate 528272 bytes for Chunk::new
# Possible reasons:
#   The system is out of physical RAM or swap space
#   The process is running with CompressedOops enabled, and the Java Heap may be blocking the growth of the native heap
# Possible solutions:
#   Reduce memory load on the system
#   Increase physical memory or swap space
#   Check if swap backing store is full
#   Decrease Java heap size (-Xmx/-Xms)
#   Decrease number of Java threads
#   Decrease Java thread stack sizes (-Xss)
#   Set larger code cache with -XX:ReservedCodeCacheSize=
#   JVM is running with Unscaled Compressed Oops mode in which the Java heap is
#     placed in the first 4GB address space. The Java Heap base address is the
#     maximum limit for the native heap growth. Please use -XX:HeapBaseMinAddress
#     to set the Java Heap base and to place the Java Heap above 4GB virtual address.
# This output file may be truncated or incomplete.
#
#  Out of Memory Error (allocation.cpp:389), pid=12924, tid=0x00000000000037e0
#
# JRE version: Java(TM) SE Runtime Environment (8.0_211-b12) (build 1.8.0_211-b12)
# Java VM: Java HotSpot(TM) 64-Bit Server VM (25.211-b12 mixed mode windows-amd64 compressed oops)
# Failed to write core dump. Minidumps are not enabled by default on client versions of Windows
#

---------------  T H R E A D  ---------------

Current thread (0x000000001445b000):  JavaThread "C2 CompilerThread0" daemon [_thread_in_native, id=14304, stack(0x0000000015ab0000,0x0000000015bb0000)]

Stack: [0x0000000015ab0000,0x0000000015bb0000]
[error occurred during error reporting (printing stack bounds), id 0xc0000005]

Native frames: (J=compiled Java code, j=interpreted, Vv=VM code, C=native code)


Current CompileTask:
C2: 825230 9793       4       org.gradle.internal.service.DefaultServiceRegistry$OwnServices$ProviderAnalyser::analyseType (114 bytes)


---------------  P R O C E S S  ---------------

Java Threads: ( => current thread )
  0x000000001976a800 JavaThread "Cache worker for cache directory md-rule (C:\Users\USER\.gradle\caches\6.9\md-rule)" [_thread_blocked, id=13764, stack(0x000000001dff0000,0x000000001e0f0000)]
  0x0000000019769800 JavaThread "Cache worker for cache directory md-supplier (C:\Users\USER\.gradle\caches\6.9\md-supplier)" [_thread_blocked, id=18000, stack(0x000000001d3f0000,0x000000001d4f0000)]
  0x0000000019769000 JavaThread "Cache worker for checksums cache (E:\Matrix-work-from home\ReactNativeProject\kickapp\android\.gradle\checksums)" [_thread_blocked, id=13492, stack(0x000000001bba0000,0x000000001bca0000)]
  0x0000000019766800 JavaThread "Cache worker for file hash cache (E:\Matrix-work-from home\ReactNativeProject\kickapp\android\.gradle\6.9\fileHashes)" [_thread_blocked, id=17844, stack(0x000000001b8a0000,0x000000001b9a0000)]
  0x0000000019767800 JavaThread "Daemon client event forwarder" [_thread_blocked, id=16412, stack(0x000000001b7a0000,0x000000001b8a0000)]
  0x0000000019768000 JavaThread "Stdin handler" [_thread_blocked, id=11676, stack(0x0000000018d00000,0x0000000018e00000)]
  0x0000000019761800 JavaThread "Asynchronous log dispatcher for DefaultDaemonConnection: socket connection from /127.0.0.1:1411 to /127.0.0.1:1509" [_thread_blocked, id=17028, stack(0x0000000018a00000,0x0000000018b00000)]
  0x0000000019763800 JavaThread "Daemon worker Thread 2" [_thread_in_native, id=4856, stack(0x0000000018900000,0x0000000018a00000)]
  0x0000000019763000 JavaThread "Cancel handler" [_thread_blocked, id=8760, stack(0x0000000002ce0000,0x0000000002de0000)]
  0x0000000019760800 JavaThread "Handler for socket connection from /127.0.0.1:1411 to /127.0.0.1:1509" [_thread_in_native, id=17872, stack(0x00000000013f0000,0x00000000014f0000)]
  0x0000000019762000 JavaThread "Daemon Thread 2" [_thread_blocked, id=14764, stack(0x00000000011d0000,0x00000000012d0000)]
  0x0000000026b59000 JavaThread "Device List Monitor" [_thread_in_native, id=4500, stack(0x00000000290e0000,0x00000000291e0000)]
  0x0000000026b5c800 JavaThread "JdwpProxyConnection" [_thread_in_native, id=8700, stack(0x0000000028fe0000,0x00000000290e0000)]
  0x0000000026b55000 JavaThread "Monitor" [_thread_in_native, id=18288, stack(0x0000000028ce0000,0x0000000028de0000)]
  0x000000001976f800 JavaThread "Memory manager" [_thread_blocked, id=15268, stack(0x0000000024d30000,0x0000000024e30000)]
  0x000000001779a800 JavaThread "Cache worker for file content cache (C:\Users\USER\.gradle\caches\6.9\fileContent)" [_thread_blocked, id=14040, stack(0x000000001d4f0000,0x000000001d5f0000)]
  0x000000001779c000 JavaThread "Cache worker for execution history cache (C:\Users\USER\.gradle\caches\6.9\executionHistory)" [_thread_blocked, id=9920, stack(0x000000001bca0000,0x000000001bda0000)]
  0x0000000017794800 JavaThread "Cache worker for journal cache (C:\Users\USER\.gradle\caches\journal-1)" [_thread_blocked, id=15528, stack(0x000000001b1a0000,0x000000001b2a0000)]
  0x0000000017796800 JavaThread "File lock request listener" [_thread_in_native, id=17496, stack(0x000000001b0a0000,0x000000001b1a0000)]
  0x0000000017798000 JavaThread "Cache worker for file hash cache (C:\Users\USER\.gradle\caches\6.9\fileHashes)" [_thread_blocked, id=7444, stack(0x000000001afa0000,0x000000001b0a0000)]
  0x0000000016964000 JavaThread "Daemon periodic checks" [_thread_blocked, id=8304, stack(0x0000000018400000,0x0000000018500000)]
  0x0000000016968000 JavaThread "Incoming local TCP Connector on port 1411" [_thread_in_native, id=4536, stack(0x00000000181c0000,0x00000000182c0000)]
  0x0000000016965000 JavaThread "Daemon health stats" [_thread_blocked, id=11552, stack(0x0000000017b80000,0x0000000017c80000)]
  0x0000000015bb9000 JavaThread "Service Thread" daemon [_thread_blocked, id=13408, stack(0x00000000161b0000,0x00000000162b0000)]
  0x0000000015bb8800 JavaThread "C1 CompilerThread2" daemon [_thread_blocked, id=14500, stack(0x00000000160b0000,0x00000000161b0000)]
  0x0000000014464000 JavaThread "C2 CompilerThread1" daemon [_thread_blocked, id=14780, stack(0x0000000015fb0000,0x00000000160b0000)]
=>0x000000001445b000 JavaThread "C2 CompilerThread0" daemon [_thread_in_native, id=14304, stack(0x0000000015ab0000,0x0000000015bb0000)]
  0x0000000014469800 JavaThread "Attach Listener" daemon [_thread_blocked, id=12260, stack(0x00000000159b0000,0x0000000015ab0000)]
  0x0000000014468000 JavaThread "Signal Dispatcher" daemon [_thread_blocked, id=17396, stack(0x00000000158b0000,0x00000000159b0000)]
  0x000000000303a800 JavaThread "Finalizer" daemon [_thread_blocked, id=1600, stack(0x00000000156b0000,0x00000000157b0000)]
  0x0000000003031800 JavaThread "Reference Handler" daemon [_thread_blocked, id=17232, stack(0x00000000155b0000,0x00000000156b0000)]
  0x0000000002f42800 JavaThread "main" [_thread_blocked, id=16844, stack(0x0000000002e40000,0x0000000002f40000)]

Other Threads:
  0x0000000014427800 VMThread [stack: 0x00000000154b0000,0x00000000155b0000] [id=15860]
  0x0000000015bbb000 WatcherThread [stack: 0x00000000162b0000,0x00000000163b0000] [id=9772]

VM state:not at safepoint (normal execution)

VM Mutex/Monitor currently owned by a thread: None

heap address: 0x00000000e0000000, size: 512 MB, Compressed Oops mode: 32-bit
Narrow klass base: 0x0000000000000000, Narrow klass shift: 3
Compressed class space size: 1073741824 Address: 0x0000000100000000

Heap:
 PSYoungGen      total 152064K, used 22915K [0x00000000f5580000, 0x00000000ffe80000, 0x0000000100000000)
  eden space 133120K, 10% used [0x00000000f5580000,0x00000000f62af7c0,0x00000000fd780000)
  from space 18944K, 49% used [0x00000000fec00000,0x00000000ff531798,0x00000000ffe80000)
  to   space 19968K, 0% used [0x00000000fd780000,0x00000000fd780000,0x00000000feb00000)
 ParOldGen       total 175104K, used 52267K [0x00000000e0000000, 0x00000000eab00000, 0x00000000f5580000)
  object space 175104K, 29% used [0x00000000e0000000,0x00000000e330af18,0x00000000eab00000)
 Metaspace       used 77098K, capacity 80982K, committed 81280K, reserved 1120256K
  class space    used 10594K, capacity 11373K, committed 11392K, reserved 1048576K

Card table byte_map: [0x0000000012400000,0x0000000012510000] byte_map_base: 0x0000000011d00000

Marking Bits: (ParMarkBitMap*) 0x0000000070395ce0
 Begin Bits: [0x00000000129c0000, 0x00000000131c0000)
 End Bits:   [0x00000000131c0000, 0x00000000139c0000)

Polling page: 0x0000000002cb0000

CodeCache: size=245760Kb used=26163Kb max_used=26175Kb free=219596Kb
 bounds [0x0000000003040000, 0x0000000004a00000, 0x0000000012040000]
 total_blobs=9080 nmethods=8247 adapters=744
 compilation: enabled

Compilation events (10 events):
Event: 824.948 Thread 0x0000000015bb8800 9801       3       org.gradle.api.internal.collections.AbstractIterationOrderRetainingElementSource::<init> (27 bytes)
Event: 824.949 Thread 0x0000000015bb8800 nmethod 9801 0x00000000045c9810 code [0x00000000045c99e0, 0x00000000045ca1f0]
Event: 824.964 Thread 0x0000000015bb8800 9802       3       org.gradle.api.internal.provider.Providers::fixedValue (68 bytes)
Event: 824.966 Thread 0x0000000015bb8800 nmethod 9802 0x00000000045cb850 code [0x00000000045cbb20, 0x00000000045cd258]
Event: 824.967 Thread 0x0000000015bb8800 9803       3       org.gradle.internal.instantiation.generator.DependencyInjectingInstantiator::newInstance (8 bytes)
Event: 824.967 Thread 0x0000000015bb8800 nmethod 9803 0x00000000034cae50 code [0x00000000034cafc0, 0x00000000034cb168]
Event: 824.968 Thread 0x0000000015bb8800 9804       3       sun.nio.fs.WindowsPath::getName (47 bytes)
Event: 824.969 Thread 0x0000000015bb8800 nmethod 9804 0x0000000003aa3b10 code [0x0000000003aa3cc0, 0x0000000003aa4268]
Event: 824.990 Thread 0x0000000014464000 9805       4       org.gradle.internal.service.DefaultServiceRegistry$OwnServices::getProviders (26 bytes)
Event: 824.997 Thread 0x0000000014464000 nmethod 9805 0x0000000003e4cbd0 code [0x0000000003e4cd40, 0x0000000003e4cff8]

GC Heap History (10 events):
Event: 89.140 GC heap before
{Heap before GC invocations=15 (full 3):
 PSYoungGen      total 113664K, used 13886K [0x00000000f5580000, 0x0000000100000000, 0x0000000100000000)
  eden space 94208K, 0% used [0x00000000f5580000,0x00000000f5580000,0x00000000fb180000)
  from space 19456K, 71% used [0x00000000fc500000,0x00000000fd28fa18,0x00000000fd800000)
  to   space 19968K, 0% used [0x00000000fb180000,0x00000000fb180000,0x00000000fc500000)
 ParOldGen       total 175104K, used 29972K [0x00000000e0000000, 0x00000000eab00000, 0x00000000f5580000)
  object space 175104K, 17% used [0x00000000e0000000,0x00000000e1d45310,0x00000000eab00000)
 Metaspace       used 56661K, capacity 59092K, committed 59160K, reserved 1099776K
  class space    used 7939K, capacity 8524K, committed 8576K, reserved 1048576K
Event: 89.480 GC heap after
Heap after GC invocations=15 (full 3):
 PSYoungGen      total 113664K, used 0K [0x00000000f5580000, 0x0000000100000000, 0x0000000100000000)
  eden space 94208K, 0% used [0x00000000f5580000,0x00000000f5580000,0x00000000fb180000)
  from space 19456K, 0% used [0x00000000fc500000,0x00000000fc500000,0x00000000fd800000)
  to   space 19968K, 0% used [0x00000000fb180000,0x00000000fb180000,0x00000000fc500000)
 ParOldGen       total 175104K, used 33286K [0x00000000e0000000, 0x00000000eab00000, 0x00000000f5580000)
  object space 175104K, 19% used [0x00000000e0000000,0x00000000e2081918,0x00000000eab00000)
 Metaspace       used 56636K, capacity 59008K, committed 59160K, reserved 1099776K
  class space    used 7932K, capacity 8510K, committed 8576K, reserved 1048576K
}
Event: 91.436 GC heap before
{Heap before GC invocations=16 (full 3):
 PSYoungGen      total 113664K, used 94208K [0x00000000f5580000, 0x0000000100000000, 0x0000000100000000)
  eden space 94208K, 100% used [0x00000000f5580000,0x00000000fb180000,0x00000000fb180000)
  from space 19456K, 0% used [0x00000000fc500000,0x00000000fc500000,0x00000000fd800000)
  to   space 19968K, 0% used [0x00000000fb180000,0x00000000fb180000,0x00000000fc500000)
 ParOldGen       total 175104K, used 33286K [0x00000000e0000000, 0x00000000eab00000, 0x00000000f5580000)
  object space 175104K, 19% used [0x00000000e0000000,0x00000000e2081918,0x00000000eab00000)
 Metaspace       used 61210K, capacity 63938K, committed 64128K, reserved 1103872K
  class space    used 8650K, capacity 9229K, committed 9344K, reserved 1048576K
Event: 91.447 GC heap after
Heap after GC invocations=16 (full 3):
 PSYoungGen      total 114176K, used 9954K [0x00000000f5580000, 0x00000000fff80000, 0x0000000100000000)
  eden space 94208K, 0% used [0x00000000f5580000,0x00000000f5580000,0x00000000fb180000)
  from space 19968K, 49% used [0x00000000fb180000,0x00000000fbb38a40,0x00000000fc500000)
  to   space 19456K, 0% used [0x00000000fec80000,0x00000000fec80000,0x00000000fff80000)
 ParOldGen       total 175104K, used 33286K [0x00000000e0000000, 0x00000000eab00000, 0x00000000f5580000)
  object space 175104K, 19% used [0x00000000e0000000,0x00000000e2081918,0x00000000eab00000)
 Metaspace       used 61210K, capacity 63938K, committed 64128K, reserved 1103872K
  class space    used 8650K, capacity 9229K, committed 9344K, reserved 1048576K
}
Event: 95.537 GC heap before
{Heap before GC invocations=17 (full 3):
 PSYoungGen      total 114176K, used 104162K [0x00000000f5580000, 0x00000000fff80000, 0x0000000100000000)
  eden space 94208K, 100% used [0x00000000f5580000,0x00000000fb180000,0x00000000fb180000)
  from space 19968K, 49% used [0x00000000fb180000,0x00000000fbb38a40,0x00000000fc500000)
  to   space 19456K, 0% used [0x00000000fec80000,0x00000000fec80000,0x00000000fff80000)
 ParOldGen       total 175104K, used 33286K [0x00000000e0000000, 0x00000000eab00000, 0x00000000f5580000)
  object space 175104K, 19% used [0x00000000e0000000,0x00000000e2081918,0x00000000eab00000)
 Metaspace       used 69274K, capacity 72544K, committed 72832K, reserved 1112064K
  class space    used 9809K, capacity 10520K, committed 10624K, reserved 1048576K
Event: 95.564 GC heap after
Heap after GC invocations=17 (full 3):
 PSYoungGen      total 152064K, used 17206K [0x00000000f5580000, 0x0000000100000000, 0x0000000100000000)
  eden space 132608K, 0% used [0x00000000f5580000,0x00000000f5580000,0x00000000fd700000)
  from space 19456K, 88% used [0x00000000fec80000,0x00000000ffd4d830,0x00000000fff80000)
  to   space 20992K, 0% used [0x00000000fd700000,0x00000000fd700000,0x00000000feb80000)
 ParOldGen       total 175104K, used 33358K [0x00000000e0000000, 0x00000000eab00000, 0x00000000f5580000)
  object space 175104K, 19% used [0x00000000e0000000,0x00000000e2093928,0x00000000eab00000)
 Metaspace       used 69274K, capacity 72544K, committed 72832K, reserved 1112064K
  class space    used 9809K, capacity 10520K, committed 10624K, reserved 1048576K
}
Event: 101.554 GC heap before
{Heap before GC invocations=18 (full 3):
 PSYoungGen      total 152064K, used 149814K [0x00000000f5580000, 0x0000000100000000, 0x0000000100000000)
  eden space 132608K, 100% used [0x00000000f5580000,0x00000000fd700000,0x00000000fd700000)
  from space 19456K, 88% used [0x00000000fec80000,0x00000000ffd4d830,0x00000000fff80000)
  to   space 20992K, 0% used [0x00000000fd700000,0x00000000fd700000,0x00000000feb80000)
 ParOldGen       total 175104K, used 33358K [0x00000000e0000000, 0x00000000eab00000, 0x00000000f5580000)
  object space 175104K, 19% used [0x00000000e0000000,0x00000000e2093928,0x00000000eab00000)
 Metaspace       used 72349K, capacity 76052K, committed 76160K, reserved 1114112K
  class space    used 10150K, capacity 10880K, committed 10880K, reserved 1048576K
Event: 101.598 GC heap after
Heap after GC invocations=18 (full 3):
 PSYoungGen      total 153600K, used 8799K [0x00000000f5580000, 0x0000000100000000, 0x0000000100000000)
  eden space 132608K, 0% used [0x00000000f5580000,0x00000000f5580000,0x00000000fd700000)
  from space 20992K, 41% used [0x00000000fd700000,0x00000000fdf97d00,0x00000000feb80000)
  to   space 20480K, 0% used [0x00000000fec00000,0x00000000fec00000,0x0000000100000000)
 ParOldGen       total 175104K, used 45711K [0x00000000e0000000, 0x00000000eab00000, 0x00000000f5580000)
  object space 175104K, 26% used [0x00000000e0000000,0x00000000e2ca3e38,0x00000000eab00000)
 Metaspace       used 72349K, capacity 76052K, committed 76160K, reserved 1114112K
  class space    used 10150K, capacity 10880K, committed 10880K, reserved 1048576K
}
Event: 127.133 GC heap before
{Heap before GC invocations=19 (full 3):
 PSYoungGen      total 153600K, used 141407K [0x00000000f5580000, 0x0000000100000000, 0x0000000100000000)
  eden space 132608K, 100% used [0x00000000f5580000,0x00000000fd700000,0x00000000fd700000)
  from space 20992K, 41% used [0x00000000fd700000,0x00000000fdf97d00,0x00000000feb80000)
  to   space 20480K, 0% used [0x00000000fec00000,0x00000000fec00000,0x0000000100000000)
 ParOldGen       total 175104K, used 45711K [0x00000000e0000000, 0x00000000eab00000, 0x00000000f5580000)
  object space 175104K, 26% used [0x00000000e0000000,0x00000000e2ca3e38,0x00000000eab00000)
 Metaspace       used 76765K, capacity 80658K, committed 80768K, reserved 1118208K
  class space    used 10580K, capacity 11335K, committed 11392K, reserved 1048576K
Event: 127.160 GC heap after
Heap after GC invocations=19 (full 3):
 PSYoungGen      total 152064K, used 9413K [0x00000000f5580000, 0x00000000ffe80000, 0x0000000100000000)
  eden space 133120K, 0% used [0x00000000f5580000,0x00000000f5580000,0x00000000fd780000)
  from space 18944K, 49% used [0x00000000fec00000,0x00000000ff531798,0x00000000ffe80000)
  to   space 19968K, 0% used [0x00000000fd780000,0x00000000fd780000,0x00000000feb00000)
 ParOldGen       total 175104K, used 52267K [0x00000000e0000000, 0x00000000eab00000, 0x00000000f5580000)
  object space 175104K, 29% used [0x00000000e0000000,0x00000000e330af18,0x00000000eab00000)
 Metaspace       used 76765K, capacity 80658K, committed 80768K, reserved 1118208K
  class space    used 10580K, capacity 11335K, committed 11392K, reserved 1048576K
}

Deoptimization events (10 events):
Event: 107.407 Thread 0x0000000016968800 Uncommon trap: reason=unstable_if action=reinterpret pc=0x0000000003ce110c method=java.util.HashMap$HashIterator.<init>(Ljava/util/HashMap;)V @ 45
Event: 224.351 Thread 0x0000000019762000 Uncommon trap: reason=unstable_if action=reinterpret pc=0x0000000004977328 method=org.gradle.internal.logging.text.AbstractLineChoppingStyledTextOutput$2.execute(Lorg/gradle/internal/logging/text/AbstractLineChoppingStyledTextOutput$StateContext;)V @ 30
Event: 224.440 Thread 0x0000000019762000 Uncommon trap: reason=unstable_if action=reinterpret pc=0x0000000003936fd8 method=java.lang.AbstractStringBuilder.append(I)Ljava/lang/AbstractStringBuilder; @ 16
Event: 224.441 Thread 0x0000000019762000 Uncommon trap: reason=unstable_if action=reinterpret pc=0x000000000445d888 method=org.gradle.internal.logging.text.AbstractLineChoppingStyledTextOutput$2.execute(Lorg/gradle/internal/logging/text/AbstractLineChoppingStyledTextOutput$StateContext;)V @ 30
Event: 224.442 Thread 0x0000000019762000 Uncommon trap: reason=unstable_if action=reinterpret pc=0x000000000350cdb0 method=org.gradle.internal.logging.text.AbstractLineChoppingStyledTextOutput$2.execute(Lorg/gradle/internal/logging/text/AbstractLineChoppingStyledTextOutput$StateContext;)V @ 30
Event: 824.913 Thread 0x0000000019763800 Uncommon trap: reason=unstable_if action=reinterpret pc=0x0000000004665698 method=org.gradle.cache.internal.DefaultCrossBuildInMemoryCacheFactory$AbstractCrossBuildInMemoryCache.getIfPresentWithoutLock(Ljava/lang/Object;)Ljava/lang/Object; @ 24
Event: 824.919 Thread 0x0000000019763800 Uncommon trap: reason=class_check action=maybe_recompile pc=0x0000000003bc80dc method=java.util.stream.ReduceOps$ReduceOp.evaluateSequential(Ljava/util/stream/PipelineHelper;Ljava/util/Spliterator;)Ljava/lang/Object; @ 2
Event: 824.924 Thread 0x0000000019763800 Uncommon trap: reason=unstable_if action=reinterpret pc=0x000000000447cf5c method=org.gradle.internal.logging.sink.OutputEventTransformer.onOutput(Lorg/gradle/internal/logging/events/OutputEvent;)V @ 84
Event: 824.961 Thread 0x0000000019763800 Uncommon trap: reason=unstable_if action=reinterpret pc=0x000000000484c148 method=org.gradle.cache.internal.DefaultCrossBuildInMemoryCacheFactory$AbstractCrossBuildInMemoryCache.getIfPresentWithoutLock(Ljava/lang/Object;)Ljava/lang/Object; @ 24
Event: 824.990 Thread 0x0000000019763800 Uncommon trap: reason=unstable_if action=reinterpret pc=0x000000000483c3b8 method=org.gradle.cache.internal.DefaultCrossBuildInMemoryCacheFactory$AbstractCrossBuildInMemoryCache.getIfPresentWithoutLock(Ljava/lang/Object;)Ljava/lang/Object; @ 24

Classes redefined (0 events):
No events

Internal exceptions (10 events):
Event: 106.919 Thread 0x0000000026b52000 Exception <a 'java/lang/reflect/InvocationTargetException'> (0x00000000fbc96d98) thrown at [C:\re\workspace\8-2-build-windows-amd64-cygwin\jdk8u211\12973\hotspot\src\share\vm\runtime\reflection.cpp, line 1092]
Event: 107.276 Thread 0x0000000016968800 Exception <a 'java/lang/NoSuchMethodError': <clinit>> (0x00000000fc9279d8) thrown at [C:\re\workspace\8-2-build-windows-amd64-cygwin\jdk8u211\12973\hotspot\src\share\vm\prims\jni.cpp, line 1614]
Event: 107.278 Thread 0x0000000016968800 Exception <a 'java/lang/NoSuchMethodError': <clinit>> (0x00000000fc937480) thrown at [C:\re\workspace\8-2-build-windows-amd64-cygwin\jdk8u211\12973\hotspot\src\share\vm\prims\jni.cpp, line 1614]
Event: 107.278 Thread 0x0000000016968800 Exception <a 'java/lang/NoSuchMethodError': <clinit>> (0x00000000fc939930) thrown at [C:\re\workspace\8-2-build-windows-amd64-cygwin\jdk8u211\12973\hotspot\src\share\vm\prims\jni.cpp, line 1614]
Event: 107.281 Thread 0x0000000016968800 Exception <a 'java/lang/NoSuchMethodError': <clinit>> (0x00000000fc949c40) thrown at [C:\re\workspace\8-2-build-windows-amd64-cygwin\jdk8u211\12973\hotspot\src\share\vm\prims\jni.cpp, line 1614]
Event: 107.282 Thread 0x0000000016968800 Exception <a 'java/lang/NoSuchMethodError': <clinit>> (0x00000000fc9551d8) thrown at [C:\re\workspace\8-2-build-windows-amd64-cygwin\jdk8u211\12973\hotspot\src\share\vm\prims\jni.cpp, line 1614]
Event: 107.287 Thread 0x0000000016968800 Exception <a 'java/lang/NoSuchMethodError': <clinit>> (0x00000000fc975540) thrown at [C:\re\workspace\8-2-build-windows-amd64-cygwin\jdk8u211\12973\hotspot\src\share\vm\prims\jni.cpp, line 1614]
Event: 107.298 Thread 0x0000000016968800 Exception <a 'java/lang/NoSuchMethodError': <clinit>> (0x00000000fc98df70) thrown at [C:\re\workspace\8-2-build-windows-amd64-cygwin\jdk8u211\12973\hotspot\src\share\vm\prims\jni.cpp, line 1614]
Event: 107.300 Thread 0x0000000016968800 Exception <a 'java/lang/NoSuchMethodError': <clinit>> (0x00000000fc9ff4b0) thrown at [C:\re\workspace\8-2-build-windows-amd64-cygwin\jdk8u211\12973\hotspot\src\share\vm\prims\jni.cpp, line 1614]
Event: 824.924 Thread 0x0000000019763800 Implicit null exception at 0x000000000447a10d to 0x000000000447cf45

Events (10 events):
Event: 824.952 Thread 0x000000001976a800 Thread added: 0x000000001976a800
Event: 824.961 Thread 0x0000000019763800 Uncommon trap: trap_request=0xffffff65 fr.pc=0x000000000484c148
Event: 824.961 Thread 0x0000000019763800 DEOPT PACKING pc=0x000000000484c148 sp=0x00000000189fb100
Event: 824.961 Thread 0x0000000019763800 DEOPT UNPACKING pc=0x000000000308583b sp=0x00000000189faea0 mode 2
Event: 824.967 Thread 0x0000000015bb8800 flushing nmethod 0x0000000003bf0c10
Event: 824.967 Thread 0x0000000015bb8800 flushing nmethod 0x0000000003c0e350
Event: 824.969 Thread 0x0000000015bb8800 flushing nmethod 0x0000000003e4ca90
Event: 824.990 Thread 0x0000000019763800 Uncommon trap: trap_request=0xffffff65 fr.pc=0x000000000483c3b8
Event: 824.990 Thread 0x0000000019763800 DEOPT PACKING pc=0x000000000483c3b8 sp=0x00000000189fa530
Event: 824.990 Thread 0x0000000019763800 DEOPT UNPACKING pc=0x000000000308583b sp=0x00000000189fa310 mode 2


Dynamic libraries:
0x00007ff709f50000 - 0x00007ff709f87000 	C:\Program Files\Java\jdk1.8.0_211\bin\java.exe
0x00007ff9d1450000 - 0x00007ff9d1645000 	C:\WINDOWS\SYSTEM32\ntdll.dll
0x00007ff9d0480000 - 0x00007ff9d053e000 	C:\WINDOWS\System32\KERNEL32.DLL
0x00007ff9cefa0000 - 0x00007ff9cf268000 	C:\WINDOWS\System32\KERNELBASE.dll
0x00007ff9d0dc0000 - 0x00007ff9d0e6c000 	C:\WINDOWS\System32\ADVAPI32.dll
0x00007ff9d0390000 - 0x00007ff9d042e000 	C:\WINDOWS\System32\msvcrt.dll
0x00007ff9d0a90000 - 0x00007ff9d0b2b000 	C:\WINDOWS\System32\sechost.dll
0x00007ff9d0720000 - 0x00007ff9d084a000 	C:\WINDOWS\System32\RPCRT4.dll
0x00007ff9cf510000 - 0x00007ff9cf6b1000 	C:\WINDOWS\System32\USER32.dll
0x00007ff9cebd0000 - 0x00007ff9cebf2000 	C:\WINDOWS\System32\win32u.dll
0x00007ff9d0540000 - 0x00007ff9d056b000 	C:\WINDOWS\System32\GDI32.dll
0x00007ff9cec60000 - 0x00007ff9ced6b000 	C:\WINDOWS\System32\gdi32full.dll
0x00007ff9cee00000 - 0x00007ff9cee9d000 	C:\WINDOWS\System32\msvcp_win.dll
0x00007ff9ceea0000 - 0x00007ff9cefa0000 	C:\WINDOWS\System32\ucrtbase.dll
0x00007ff9b4710000 - 0x00007ff9b49aa000 	C:\WINDOWS\WinSxS\amd64_microsoft.windows.common-controls_6595b64144ccf1df_6.0.19041.1110_none_60b5254171f9507e\COMCTL32.dll
0x00007ff9d0450000 - 0x00007ff9d0480000 	C:\WINDOWS\System32\IMM32.DLL
0x0000000070420000 - 0x00000000704f2000 	C:\Program Files\Java\jdk1.8.0_211\jre\bin\msvcr100.dll
0x000000006fb70000 - 0x0000000070415000 	C:\Program Files\Java\jdk1.8.0_211\jre\bin\server\jvm.dll
0x00007ff9d0ce0000 - 0x00007ff9d0ce8000 	C:\WINDOWS\System32\PSAPI.DLL
0x00007ff9c1370000 - 0x00007ff9c137a000 	C:\WINDOWS\SYSTEM32\VERSION.dll
0x00007ff9b2e30000 - 0x00007ff9b2e39000 	C:\WINDOWS\SYSTEM32\WSOCK32.dll
0x00007ff9c8b20000 - 0x00007ff9c8b47000 	C:\WINDOWS\SYSTEM32\WINMM.dll
0x00007ff9d0cf0000 - 0x00007ff9d0d5b000 	C:\WINDOWS\System32\WS2_32.dll
0x00007ff9bfa00000 - 0x00007ff9bfa0f000 	C:\Program Files\Java\jdk1.8.0_211\jre\bin\verify.dll
0x00007ff99f6e0000 - 0x00007ff99f709000 	C:\Program Files\Java\jdk1.8.0_211\jre\bin\java.dll
0x00007ff9af180000 - 0x00007ff9af196000 	C:\Program Files\Java\jdk1.8.0_211\jre\bin\zip.dll
0x00007ff9cf720000 - 0x00007ff9cfe5f000 	C:\WINDOWS\System32\SHELL32.dll
0x00007ff9cc900000 - 0x00007ff9cd090000 	C:\WINDOWS\SYSTEM32\windows.storage.dll
0x00007ff9d1020000 - 0x00007ff9d1375000 	C:\WINDOWS\System32\combase.dll
0x00007ff9ce5b0000 - 0x00007ff9ce5de000 	C:\WINDOWS\SYSTEM32\Wldp.dll
0x00007ff9d02e0000 - 0x00007ff9d038d000 	C:\WINDOWS\System32\SHCORE.dll
0x00007ff9d0d60000 - 0x00007ff9d0db5000 	C:\WINDOWS\System32\shlwapi.dll
0x00007ff9ceb10000 - 0x00007ff9ceb2f000 	C:\WINDOWS\SYSTEM32\profapi.dll
0x00007ff9acb30000 - 0x00007ff9acb4a000 	C:\Program Files\Java\jdk1.8.0_211\jre\bin\net.dll
0x00007ff9c0dc0000 - 0x00007ff9c0fab000 	C:\WINDOWS\SYSTEM32\urlmon.dll
0x00007ff9c1670000 - 0x00007ff9c1920000 	C:\WINDOWS\SYSTEM32\iertutil.dll
0x00007ff9c1500000 - 0x00007ff9c1528000 	C:\WINDOWS\SYSTEM32\srvcli.dll
0x00007ff9ce110000 - 0x00007ff9ce11c000 	C:\WINDOWS\SYSTEM32\netutils.dll
0x00007ff9ce310000 - 0x00007ff9ce37a000 	C:\WINDOWS\system32\mswsock.dll
0x00007ff9ac940000 - 0x00007ff9ac952000 	C:\Program Files\Java\jdk1.8.0_211\jre\bin\nio.dll
0x00007ff99c660000 - 0x00007ff99c687000 	C:\Users\USER\.gradle\native\49d0259a56938c7f99b2704e745ce422c4f750a7a20b539a32ccef96729676b1\windows-amd64\native-platform.dll
0x00007ff969310000 - 0x00007ff9694a1000 	C:\Users\USER\.gradle\native\12488b8bf47d2d4c9fbf2f6322a914ad602e24e48041cd04a747c6da556b65c4\windows-amd64\native-platform-file-events.dll
0x00007ff9bdfb0000 - 0x00007ff9bdfbd000 	C:\Program Files\Java\jdk1.8.0_211\jre\bin\management.dll
0x00007ff9ce500000 - 0x00007ff9ce518000 	C:\WINDOWS\SYSTEM32\CRYPTSP.dll
0x00007ff9cdc20000 - 0x00007ff9cdc54000 	C:\WINDOWS\system32\rsaenh.dll
0x00007ff9cf4d0000 - 0x00007ff9cf4f7000 	C:\WINDOWS\System32\bcrypt.dll
0x00007ff9cea90000 - 0x00007ff9ceabe000 	C:\WINDOWS\SYSTEM32\USERENV.dll
0x00007ff9ced70000 - 0x00007ff9cedf3000 	C:\WINDOWS\System32\bcryptprimitives.dll
0x00007ff9ce520000 - 0x00007ff9ce52c000 	C:\WINDOWS\SYSTEM32\CRYPTBASE.dll
0x00007ff9cdf90000 - 0x00007ff9cdfcb000 	C:\WINDOWS\SYSTEM32\IPHLPAPI.DLL
0x00007ff9cf500000 - 0x00007ff9cf508000 	C:\WINDOWS\System32\NSI.dll
0x00007ff9c1b00000 - 0x00007ff9c1b17000 	C:\WINDOWS\SYSTEM32\dhcpcsvc6.DLL
0x00007ff9c3d60000 - 0x00007ff9c3d7d000 	C:\WINDOWS\SYSTEM32\dhcpcsvc.DLL
0x00007ff9ce030000 - 0x00007ff9ce0fb000 	C:\WINDOWS\SYSTEM32\DNSAPI.dll
0x00007ff9c1640000 - 0x00007ff9c1664000 	C:\Program Files\Java\jdk1.8.0_211\jre\bin\sunec.dll
0x00007ff9c1630000 - 0x00007ff9c163b000 	C:\Program Files\Java\jdk1.8.0_211\jre\bin\sunmscapi.dll
0x00007ff9cf270000 - 0x00007ff9cf3c6000 	C:\WINDOWS\System32\CRYPT32.dll
0x00007ff9b4a70000 - 0x00007ff9b4a7a000 	C:\Windows\System32\rasadhlp.dll
0x00007ff9b5630000 - 0x00007ff9b56af000 	C:\WINDOWS\System32\fwpuclnt.dll

VM Arguments:
jvm_args: -XX:MaxMetaspaceSize=256m -XX:+HeapDumpOnOutOfMemoryError -Xms256m -Xmx512m -Dfile.encoding=windows-1252 -Duser.country=US -Duser.language=en -Duser.variant 
java_command: org.gradle.launcher.daemon.bootstrap.GradleDaemon 6.9
java_class_path (initial): C:\Users\USER\.gradle\wrapper\dists\gradle-6.9-all\dooywd8nv05k16orzxge2b1bs\gradle-6.9\lib\gradle-launcher-6.9.jar
Launcher Type: SUN_STANDARD

Environment Variables:
JAVA_HOME=C:\Program Files\Java\jdk1.8.0_211
CLASSPATH=E:\Matrix-work-from home\ReactNativeProject\kickapp\android\\gradle\wrapper\gradle-wrapper.jar
PATH=E:\Matrix-work-from home\ReactNativeProject\kickapp\android\node_modules\.bin;E:\Matrix-work-from home\ReactNativeProject\kickapp\node_modules\.bin;E:\Matrix-work-from home\ReactNativeProject\node_modules\.bin;E:\Matrix-work-from home\node_modules\.bin;E:\node_modules\.bin;C:\Program Files\nodejs;E:\Matrix-work-from home\ReactNativeProject\kickapp\node_modules\.bin;C:\Python27\;C:\Python27\Scripts;C:\Program Files\Intel\iCLS Client\;C:\WINDOWS\system32;C:\WINDOWS;C:\WINDOWS\System32\Wbem;C:\WINDOWS\System32\WindowsPowerShell\v1.0\;C:\Program Files (x86)\Microsoft VS Code\bin;C:\ProgramData\chocolatey\bin;C:\Program Files\Java\jdk1.8.0_211\bin;C:\Program Files\nodejs\;C:\Program Files\Git\cmd;C:\WINDOWS\System32\OpenSSH\;C:\Users\USER\AppData\Local\Android\Sdk\platform-tools;C:\Users\USER\AppData\Local\GitHubDesktop\bin;C:\Users\USER\AppData\Roaming\npm;%USERPROFILE%\AppData\Local\Microsoft\WindowsApps
USERNAME=USER
OS=Windows_NT
PROCESSOR_IDENTIFIER=Intel64 Family 6 Model 78 Stepping 3, GenuineIntel



---------------  S Y S T E M  ---------------

OS: Windows 10.0 , 64 bit Build 19041 (10.0.19041.1348)

CPU:total 4 (initial active 4) (2 cores per cpu, 2 threads per core) family 6 model 78 stepping 3, cmov, cx8, fxsr, mmx, sse, sse2, sse3, ssse3, sse4.1, sse4.2, popcnt, avx, avx2, aes, clmul, erms, rtm, 3dnowpref, lzcnt, ht, tsc, tscinvbit, bmi1, bmi2, adx

Memory: 4k page, physical 12358724k(1840964k free), swap 12358724k(4100k free)

vm_info: Java HotSpot(TM) 64-Bit Server VM (25.211-b12) for windows-amd64 JRE (1.8.0_211-b12), built on Apr  1 2019 20:53:26 by "java_re" with MS VC++ 10.0 (VS2010)

time: Wed Jan 19 21:21:50 2022
timezone: India Standard Time
elapsed time: 825 seconds (0d 0h 13m 45s)

