#
# There is insufficient memory for the Java Runtime Environment to continue.
# Native memory allocation (malloc) failed to allocate 712496 bytes for Chunk::new
# Possible reasons:
#   The system is out of physical RAM or swap space
#   The process is running with CompressedOops enabled, and the Java Heap may be blocking the growth of the native heap
# Possible solutions:
#   Reduce memory load on the system
#   Increase physical memory or swap space
#   Check if swap backing store is full
#   Decrease Java heap size (-Xmx/-Xms)
#   Decrease number of Java threads
#   Decrease Java thread stack sizes (-Xss)
#   Set larger code cache with -XX:ReservedCodeCacheSize=
#   JVM is running with Unscaled Compressed Oops mode in which the Java heap is
#     placed in the first 4GB address space. The Java Heap base address is the
#     maximum limit for the native heap growth. Please use -XX:HeapBaseMinAddress
#     to set the Java Heap base and to place the Java Heap above 4GB virtual address.
# This output file may be truncated or incomplete.
#
#  Out of Memory Error (allocation.cpp:389), pid=16128, tid=0x0000000000002788
#
# JRE version: Java(TM) SE Runtime Environment (8.0_211-b12) (build 1.8.0_211-b12)
# Java VM: Java HotSpot(TM) 64-Bit Server VM (25.211-b12 mixed mode windows-amd64 compressed oops)
# Failed to write core dump. Minidumps are not enabled by default on client versions of Windows
#

---------------  T H R E A D  ---------------

Current thread (0x0000000013d35000):  JavaThread "C2 CompilerThread1" daemon [_thread_in_native, id=10120, stack(0x0000000015490000,0x0000000015590000)]

Stack: [0x0000000015490000,0x0000000015590000]
[error occurred during error reporting (printing stack bounds), id 0xc0000005]

Native frames: (J=compiled Java code, j=interpreted, Vv=VM code, C=native code)


Current CompileTask:
C2:   3809 1513   !   4       java.net.URLClassLoader$1::run (63 bytes)


---------------  P R O C E S S  ---------------

Java Threads: ( => current thread )
  0x0000000017a4e800 JavaThread "Cache worker for journal cache (C:\Users\USER\.gradle\caches\journal-1)" [_thread_blocked, id=18080, stack(0x0000000019ab0000,0x0000000019bb0000)]
  0x0000000017a53800 JavaThread "File lock request listener" [_thread_in_native, id=17800, stack(0x00000000199b0000,0x0000000019ab0000)]
  0x0000000017a4d800 JavaThread "Cache worker for file hash cache (C:\Users\USER\.gradle\caches\6.9\fileHashes)" [_thread_blocked, id=5280, stack(0x00000000198b0000,0x00000000199b0000)]
  0x0000000017956800 JavaThread "Daemon client event forwarder" [_thread_blocked, id=17064, stack(0x00000000195b0000,0x00000000196b0000)]
  0x00000000179c6000 JavaThread "Stdin handler" [_thread_blocked, id=14708, stack(0x00000000194b0000,0x00000000195b0000)]
  0x00000000179c4800 JavaThread "Asynchronous log dispatcher for DefaultDaemonConnection: socket connection from /127.0.0.1:7618 to /127.0.0.1:7619" [_thread_blocked, id=268, stack(0x00000000193b0000,0x00000000194b0000)]
  0x0000000017963000 JavaThread "Daemon worker" [_thread_in_vm, id=14208, stack(0x00000000192b0000,0x00000000193b0000)]
  0x00000000178f2000 JavaThread "Cancel handler" [_thread_blocked, id=13024, stack(0x00000000191b0000,0x00000000192b0000)]
  0x0000000017968000 JavaThread "Handler for socket connection from /127.0.0.1:7618 to /127.0.0.1:7619" [_thread_in_native, id=4412, stack(0x00000000190b0000,0x00000000191b0000)]
  0x0000000017967000 JavaThread "Daemon" [_thread_blocked, id=1200, stack(0x0000000018fb0000,0x00000000190b0000)]
  0x00000000178e9800 JavaThread "Daemon periodic checks" [_thread_blocked, id=5316, stack(0x0000000018cb0000,0x0000000018db0000)]
  0x00000000178da000 JavaThread "Incoming local TCP Connector on port 7618" [_thread_in_native, id=15512, stack(0x0000000018a70000,0x0000000018b70000)]
  0x0000000017802000 JavaThread "Daemon health stats" [_thread_blocked, id=12428, stack(0x0000000018430000,0x0000000018530000)]
  0x00000000156b8800 JavaThread "Service Thread" daemon [_thread_blocked, id=14324, stack(0x0000000015a90000,0x0000000015b90000)]
  0x0000000013d3b800 JavaThread "C1 CompilerThread2" daemon [_thread_blocked, id=15872, stack(0x0000000015590000,0x0000000015690000)]
=>0x0000000013d35000 JavaThread "C2 CompilerThread1" daemon [_thread_in_native, id=10120, stack(0x0000000015490000,0x0000000015590000)]
  0x0000000013d31000 JavaThread "C2 CompilerThread0" daemon [_thread_in_native, id=17004, stack(0x0000000015390000,0x0000000015490000)]
  0x0000000013d2f800 JavaThread "Attach Listener" daemon [_thread_blocked, id=3648, stack(0x0000000015290000,0x0000000015390000)]
  0x0000000013d2e800 JavaThread "Signal Dispatcher" daemon [_thread_blocked, id=13688, stack(0x0000000015190000,0x0000000015290000)]
  0x00000000028ed000 JavaThread "Finalizer" daemon [_thread_blocked, id=16932, stack(0x0000000014f80000,0x0000000015080000)]
  0x00000000028e4800 JavaThread "Reference Handler" daemon [_thread_blocked, id=11812, stack(0x0000000014e80000,0x0000000014f80000)]
  0x00000000027f2800 JavaThread "main" [_thread_blocked, id=15040, stack(0x00000000026d0000,0x00000000027d0000)]

Other Threads:
  0x0000000013cf7000 VMThread [stack: 0x0000000014d80000,0x0000000014e80000] [id=1620]
  0x0000000013d8c800 WatcherThread [stack: 0x0000000015b90000,0x0000000015c90000] [id=18176]

VM state:not at safepoint (normal execution)

VM Mutex/Monitor currently owned by a thread: None

heap address: 0x00000000e0000000, size: 512 MB, Compressed Oops mode: 32-bit
Narrow klass base: 0x0000000000000000, Narrow klass shift: 3
Compressed class space size: 1073741824 Address: 0x0000000100000000

Heap:
 PSYoungGen      total 76288K, used 51360K [0x00000000f5580000, 0x00000000faa80000, 0x0000000100000000)
  eden space 65536K, 64% used [0x00000000f5580000,0x00000000f7e9f2d0,0x00000000f9580000)
  from space 10752K, 86% used [0x00000000fa000000,0x00000000fa909120,0x00000000faa80000)
  to   space 10752K, 0% used [0x00000000f9580000,0x00000000f9580000,0x00000000fa000000)
 ParOldGen       total 175104K, used 16K [0x00000000e0000000, 0x00000000eab00000, 0x00000000f5580000)
  object space 175104K, 0% used [0x00000000e0000000,0x00000000e0004020,0x00000000eab00000)
 Metaspace       used 17432K, capacity 18072K, committed 18432K, reserved 1064960K
  class space    used 2531K, capacity 2706K, committed 2816K, reserved 1048576K

Card table byte_map: [0x0000000011cc0000,0x0000000011dd0000] byte_map_base: 0x00000000115c0000

Marking Bits: (ParMarkBitMap*) 0x0000000070395ce0
 Begin Bits: [0x0000000012280000, 0x0000000012a80000)
 End Bits:   [0x0000000012a80000, 0x0000000013280000)

Polling page: 0x0000000000ad0000

CodeCache: size=245760Kb used=5584Kb max_used=5584Kb free=240175Kb
 bounds [0x0000000002900000, 0x0000000002e80000, 0x0000000011900000]
 total_blobs=1998 nmethods=1583 adapters=327
 compilation: enabled

Compilation events (10 events):
Event: 3.789 Thread 0x0000000013d3b800 1581       1       java.lang.reflect.Method::getAnnotationBytes (5 bytes)
Event: 3.790 Thread 0x0000000013d3b800 nmethod 1581 0x0000000002e74650 code [0x0000000002e747a0, 0x0000000002e748b0]
Event: 3.791 Thread 0x0000000013d3b800 1586       1       org.gradle.internal.instantiation.generator.AbstractClassGenerator$PropertyMetadata::getName (5 bytes)
Event: 3.791 Thread 0x0000000013d3b800 nmethod 1586 0x0000000002e74910 code [0x0000000002e74a60, 0x0000000002e74b70]
Event: 3.793 Thread 0x0000000013d3b800 1587       3       org.gradle.internal.reflect.MethodSet$MethodKey::hashCode (29 bytes)
Event: 3.793 Thread 0x0000000013d3b800 nmethod 1587 0x0000000002e74bd0 code [0x0000000002e74d80, 0x0000000002e75568]
Event: 3.794 Thread 0x0000000013d3b800 1588       3       com.google.common.collect.Hashing::smear (19 bytes)
Event: 3.794 Thread 0x0000000013d3b800 nmethod 1588 0x0000000002e75910 code [0x0000000002e75a60, 0x0000000002e75c30]
Event: 3.794 Thread 0x0000000013d3b800 1589       3       java.lang.Integer::rotateLeft (9 bytes)
Event: 3.794 Thread 0x0000000013d3b800 nmethod 1589 0x0000000002e75cd0 code [0x0000000002e75e20, 0x0000000002e75f70]

GC Heap History (4 events):
Event: 1.631 GC heap before
{Heap before GC invocations=1 (full 0):
 PSYoungGen      total 76288K, used 65536K [0x00000000f5580000, 0x00000000faa80000, 0x0000000100000000)
  eden space 65536K, 100% used [0x00000000f5580000,0x00000000f9580000,0x00000000f9580000)
  from space 10752K, 0% used [0x00000000fa000000,0x00000000fa000000,0x00000000faa80000)
  to   space 10752K, 0% used [0x00000000f9580000,0x00000000f9580000,0x00000000fa000000)
 ParOldGen       total 175104K, used 0K [0x00000000e0000000, 0x00000000eab00000, 0x00000000f5580000)
  object space 175104K, 0% used [0x00000000e0000000,0x00000000e0000000,0x00000000eab00000)
 Metaspace       used 7344K, capacity 7538K, committed 7680K, reserved 1056768K
  class space    used 924K, capacity 1005K, committed 1024K, reserved 1048576K
Event: 1.642 GC heap after
Heap after GC invocations=1 (full 0):
 PSYoungGen      total 76288K, used 5937K [0x00000000f5580000, 0x00000000faa80000, 0x0000000100000000)
  eden space 65536K, 0% used [0x00000000f5580000,0x00000000f5580000,0x00000000f9580000)
  from space 10752K, 55% used [0x00000000f9580000,0x00000000f9b4c558,0x00000000fa000000)
  to   space 10752K, 0% used [0x00000000fa000000,0x00000000fa000000,0x00000000faa80000)
 ParOldGen       total 175104K, used 8K [0x00000000e0000000, 0x00000000eab00000, 0x00000000f5580000)
  object space 175104K, 0% used [0x00000000e0000000,0x00000000e0002000,0x00000000eab00000)
 Metaspace       used 7344K, capacity 7538K, committed 7680K, reserved 1056768K
  class space    used 924K, capacity 1005K, committed 1024K, reserved 1048576K
}
Event: 3.324 GC heap before
{Heap before GC invocations=2 (full 0):
 PSYoungGen      total 76288K, used 71473K [0x00000000f5580000, 0x00000000faa80000, 0x0000000100000000)
  eden space 65536K, 100% used [0x00000000f5580000,0x00000000f9580000,0x00000000f9580000)
  from space 10752K, 55% used [0x00000000f9580000,0x00000000f9b4c558,0x00000000fa000000)
  to   space 10752K, 0% used [0x00000000fa000000,0x00000000fa000000,0x00000000faa80000)
 ParOldGen       total 175104K, used 8K [0x00000000e0000000, 0x00000000eab00000, 0x00000000f5580000)
  object space 175104K, 0% used [0x00000000e0000000,0x00000000e0002020,0x00000000eab00000)
 Metaspace       used 14165K, capacity 14626K, committed 14720K, reserved 1062912K
  class space    used 1997K, capacity 2139K, committed 2176K, reserved 1048576K
Event: 3.337 GC heap after
Heap after GC invocations=2 (full 0):
 PSYoungGen      total 76288K, used 9252K [0x00000000f5580000, 0x00000000faa80000, 0x0000000100000000)
  eden space 65536K, 0% used [0x00000000f5580000,0x00000000f5580000,0x00000000f9580000)
  from space 10752K, 86% used [0x00000000fa000000,0x00000000fa909120,0x00000000faa80000)
  to   space 10752K, 0% used [0x00000000f9580000,0x00000000f9580000,0x00000000fa000000)
 ParOldGen       total 175104K, used 16K [0x00000000e0000000, 0x00000000eab00000, 0x00000000f5580000)
  object space 175104K, 0% used [0x00000000e0000000,0x00000000e0004020,0x00000000eab00000)
 Metaspace       used 14165K, capacity 14626K, committed 14720K, reserved 1062912K
  class space    used 1997K, capacity 2139K, committed 2176K, reserved 1048576K
}

Deoptimization events (10 events):
Event: 3.286 Thread 0x0000000017963000 Uncommon trap: reason=class_check action=maybe_recompile pc=0x0000000002c2adc4 method=java.util.regex.Matcher.match(II)Z @ 86
Event: 3.306 Thread 0x0000000017963000 Uncommon trap: reason=class_check action=maybe_recompile pc=0x0000000002c2adc4 method=java.util.regex.Matcher.match(II)Z @ 86
Event: 3.306 Thread 0x0000000017963000 Uncommon trap: reason=class_check action=maybe_recompile pc=0x0000000002c2adc4 method=java.util.regex.Matcher.match(II)Z @ 86
Event: 3.306 Thread 0x0000000017963000 Uncommon trap: reason=class_check action=maybe_recompile pc=0x0000000002aab320 method=java.util.regex.Matcher.match(II)Z @ 86
Event: 3.398 Thread 0x0000000017963000 Uncommon trap: reason=unstable_if action=reinterpret pc=0x0000000002c1df18 method=java.io.File.getName()Ljava/lang/String; @ 16
Event: 3.398 Thread 0x0000000017963000 Uncommon trap: reason=unstable_if action=reinterpret pc=0x0000000002c1d5d0 method=java.lang.String.substring(I)Ljava/lang/String; @ 35
Event: 3.498 Thread 0x0000000017963000 Uncommon trap: reason=unstable_if action=reinterpret pc=0x0000000002b6e5c4 method=java.util.HashMap.getNode(ILjava/lang/Object;)Ljava/util/HashMap$Node; @ 129
Event: 3.498 Thread 0x0000000017963000 Uncommon trap: reason=bimorphic action=maybe_recompile pc=0x0000000002dae2c0 method=java.util.HashMap.putVal(ILjava/lang/Object;Ljava/lang/Object;ZZ)Ljava/lang/Object; @ 203
Event: 3.498 Thread 0x0000000017963000 Uncommon trap: reason=unstable_if action=reinterpret pc=0x0000000002b5d010 method=java.util.HashMap.getNode(ILjava/lang/Object;)Ljava/util/HashMap$Node; @ 129
Event: 3.768 Thread 0x0000000017963000 Uncommon trap: reason=bimorphic action=maybe_recompile pc=0x0000000002dae2c0 method=java.util.HashMap.putVal(ILjava/lang/Object;Ljava/lang/Object;ZZ)Ljava/lang/Object; @ 203

Classes redefined (0 events):
No events

Internal exceptions (10 events):
Event: 0.863 Thread 0x00000000027f2800 Exception <a 'java/lang/ArrayIndexOutOfBoundsException'> (0x00000000f6c0e050) thrown at [C:\re\workspace\8-2-build-windows-amd64-cygwin\jdk8u211\12973\hotspot\src\share\vm\runtime\sharedRuntime.cpp, line 605]
Event: 0.864 Thread 0x00000000027f2800 Exception <a 'java/lang/ArrayIndexOutOfBoundsException'> (0x00000000f6c1ebf8) thrown at [C:\re\workspace\8-2-build-windows-amd64-cygwin\jdk8u211\12973\hotspot\src\share\vm\runtime\sharedRuntime.cpp, line 605]
Event: 1.976 Thread 0x00000000027f2800 Exception <a 'java/lang/NoSuchMethodError': java.lang.Object.lambda$get$0(Ljava/util/function/Supplier;Ljava/lang/Object;)Ljava/lang/Object;> (0x00000000f6ff6ce0) thrown at [C:\re\workspace\8-2-build-windows-amd64-cygwin\jdk8u211\12973\hotspot\src\share\v
Event: 2.920 Thread 0x00000000027f2800 Exception <a 'java/io/IOException'> (0x00000000f7374630) thrown at [C:\re\workspace\8-2-build-windows-amd64-cygwin\jdk8u211\12973\hotspot\src\share\vm\prims\jni.cpp, line 710]
Event: 3.216 Thread 0x0000000017963000 Exception <a 'java/lang/NoSuchMethodError': java.lang.Object.lambda$static$0(Lorg/gradle/internal/state/ModelObject;)Ljava/lang/String;> (0x00000000f8a48cf0) thrown at [C:\re\workspace\8-2-build-windows-amd64-cygwin\jdk8u211\12973\hotspot\src\share\vm\int
Event: 3.276 Thread 0x0000000017963000 Exception <a 'java/lang/IncompatibleClassChangeError': Found class java.lang.Object, but interface was expected> (0x00000000f91bb2a0) thrown at [C:\re\workspace\8-2-build-windows-amd64-cygwin\jdk8u211\12973\hotspot\src\share\vm\interpreter\linkResolver.cp
Event: 3.447 Thread 0x0000000017963000 Exception <a 'java/lang/NoSuchMethodError': java.lang.Object.lambda$and$0(Ljava/util/function/Predicate;Ljava/lang/Object;)Z> (0x00000000f5cc83f8) thrown at [C:\re\workspace\8-2-build-windows-amd64-cygwin\jdk8u211\12973\hotspot\src\share\vm\interpreter\li
Event: 3.452 Thread 0x0000000017963000 Exception <a 'java/lang/IncompatibleClassChangeError': Found class java.lang.Object, but interface was expected> (0x00000000f5cd8820) thrown at [C:\re\workspace\8-2-build-windows-amd64-cygwin\jdk8u211\12973\hotspot\src\share\vm\interpreter\linkResolver.cp
Event: 3.453 Thread 0x0000000017963000 Exception <a 'java/lang/NoSuchMethodError': java.lang.Object.lambda$or$2(Ljava/util/function/Predicate;Ljava/lang/Object;)Z> (0x00000000f5cdd530) thrown at [C:\re\workspace\8-2-build-windows-amd64-cygwin\jdk8u211\12973\hotspot\src\share\vm\interpreter\lin
Event: 3.490 Thread 0x0000000017963000 Exception <a 'java/lang/NoSuchMethodError': java.lang.Object.lambda$comparing$77a9974f$1(Ljava/util/function/Function;Ljava/lang/Object;Ljava/lang/Object;)I> (0x00000000f60fe6f0) thrown at [C:\re\workspace\8-2-build-windows-amd64-cygwin\jdk8u211\12973\hot

Events (10 events):
Event: 3.801 loading class org/gradle/api/plugins/ExtensionContainer
Event: 3.801 loading class org/gradle/api/plugins/ExtensionContainer done
Event: 3.802 loading class org/gradle/internal/metaobject/AbstractDynamicObject
Event: 3.802 loading class org/gradle/internal/metaobject/AbstractDynamicObject done
Event: 3.802 loading class org/gradle/internal/instantiation/generator/MixInExtensibleDynamicObject
Event: 3.802 loading class org/gradle/internal/instantiation/generator/MixInExtensibleDynamicObject done
Event: 3.803 loading class org/gradle/internal/extensibility/ExtensibleDynamicObject
Event: 3.803 loading class org/gradle/internal/extensibility/ExtensibleDynamicObject done
Event: 3.804 loading class org/gradle/internal/extensibility/MixInClosurePropertiesAsMethodsDynamicObject
Event: 3.804 loading class org/gradle/internal/extensibility/MixInClosurePropertiesAsMethodsDynamicObject done


Dynamic libraries:
0x00007ff709f50000 - 0x00007ff709f87000 	C:\Program Files\Java\jdk1.8.0_211\bin\java.exe
0x00007ff9d1450000 - 0x00007ff9d1645000 	C:\WINDOWS\SYSTEM32\ntdll.dll
0x00007ff9d0480000 - 0x00007ff9d053e000 	C:\WINDOWS\System32\KERNEL32.DLL
0x00007ff9cefa0000 - 0x00007ff9cf268000 	C:\WINDOWS\System32\KERNELBASE.dll
0x00007ff9d0dc0000 - 0x00007ff9d0e6c000 	C:\WINDOWS\System32\ADVAPI32.dll
0x00007ff9d0390000 - 0x00007ff9d042e000 	C:\WINDOWS\System32\msvcrt.dll
0x00007ff9d0a90000 - 0x00007ff9d0b2b000 	C:\WINDOWS\System32\sechost.dll
0x00007ff9d0720000 - 0x00007ff9d084a000 	C:\WINDOWS\System32\RPCRT4.dll
0x00007ff9cf510000 - 0x00007ff9cf6b1000 	C:\WINDOWS\System32\USER32.dll
0x00007ff9cebd0000 - 0x00007ff9cebf2000 	C:\WINDOWS\System32\win32u.dll
0x00007ff9d0540000 - 0x00007ff9d056b000 	C:\WINDOWS\System32\GDI32.dll
0x00007ff9cec60000 - 0x00007ff9ced6b000 	C:\WINDOWS\System32\gdi32full.dll
0x00007ff9cee00000 - 0x00007ff9cee9d000 	C:\WINDOWS\System32\msvcp_win.dll
0x00007ff9ceea0000 - 0x00007ff9cefa0000 	C:\WINDOWS\System32\ucrtbase.dll
0x00007ff9b4710000 - 0x00007ff9b49aa000 	C:\WINDOWS\WinSxS\amd64_microsoft.windows.common-controls_6595b64144ccf1df_6.0.19041.1110_none_60b5254171f9507e\COMCTL32.dll
0x00007ff9d0450000 - 0x00007ff9d0480000 	C:\WINDOWS\System32\IMM32.DLL
0x0000000070420000 - 0x00000000704f2000 	C:\Program Files\Java\jdk1.8.0_211\jre\bin\msvcr100.dll
0x000000006fb70000 - 0x0000000070415000 	C:\Program Files\Java\jdk1.8.0_211\jre\bin\server\jvm.dll
0x00007ff9d0ce0000 - 0x00007ff9d0ce8000 	C:\WINDOWS\System32\PSAPI.DLL
0x00007ff9c8b20000 - 0x00007ff9c8b47000 	C:\WINDOWS\SYSTEM32\WINMM.dll
0x00007ff9c1370000 - 0x00007ff9c137a000 	C:\WINDOWS\SYSTEM32\VERSION.dll
0x00007ff9b2e30000 - 0x00007ff9b2e39000 	C:\WINDOWS\SYSTEM32\WSOCK32.dll
0x00007ff9d0cf0000 - 0x00007ff9d0d5b000 	C:\WINDOWS\System32\WS2_32.dll
0x00007ff9bfb20000 - 0x00007ff9bfb2f000 	C:\Program Files\Java\jdk1.8.0_211\jre\bin\verify.dll
0x00007ff9be1d0000 - 0x00007ff9be1f9000 	C:\Program Files\Java\jdk1.8.0_211\jre\bin\java.dll
0x00007ff9acee0000 - 0x00007ff9acef6000 	C:\Program Files\Java\jdk1.8.0_211\jre\bin\zip.dll
0x00007ff9cf720000 - 0x00007ff9cfe5f000 	C:\WINDOWS\System32\SHELL32.dll
0x00007ff9cc900000 - 0x00007ff9cd090000 	C:\WINDOWS\SYSTEM32\windows.storage.dll
0x00007ff9d1020000 - 0x00007ff9d1375000 	C:\WINDOWS\System32\combase.dll
0x00007ff9ce5b0000 - 0x00007ff9ce5de000 	C:\WINDOWS\SYSTEM32\Wldp.dll
0x00007ff9d02e0000 - 0x00007ff9d038d000 	C:\WINDOWS\System32\SHCORE.dll
0x00007ff9d0d60000 - 0x00007ff9d0db5000 	C:\WINDOWS\System32\shlwapi.dll
0x00007ff9ceb10000 - 0x00007ff9ceb2f000 	C:\WINDOWS\SYSTEM32\profapi.dll
0x00007ff9acb30000 - 0x00007ff9acb4a000 	C:\Program Files\Java\jdk1.8.0_211\jre\bin\net.dll
0x00007ff9c0dc0000 - 0x00007ff9c0fab000 	C:\WINDOWS\SYSTEM32\urlmon.dll
0x00007ff9c1500000 - 0x00007ff9c1528000 	C:\WINDOWS\SYSTEM32\srvcli.dll
0x00007ff9c1670000 - 0x00007ff9c1920000 	C:\WINDOWS\SYSTEM32\iertutil.dll
0x00007ff9ce110000 - 0x00007ff9ce11c000 	C:\WINDOWS\SYSTEM32\netutils.dll
0x00007ff9ce310000 - 0x00007ff9ce37a000 	C:\WINDOWS\system32\mswsock.dll
0x00007ff9a94b0000 - 0x00007ff9a94c2000 	C:\Program Files\Java\jdk1.8.0_211\jre\bin\nio.dll
0x00007ff9a84d0000 - 0x00007ff9a84f7000 	C:\Users\USER\.gradle\native\49d0259a56938c7f99b2704e745ce422c4f750a7a20b539a32ccef96729676b1\windows-amd64\native-platform.dll
0x00007ff9701a0000 - 0x00007ff970331000 	C:\Users\USER\.gradle\native\12488b8bf47d2d4c9fbf2f6322a914ad602e24e48041cd04a747c6da556b65c4\windows-amd64\native-platform-file-events.dll
0x00007ff9b5750000 - 0x00007ff9b575d000 	C:\Program Files\Java\jdk1.8.0_211\jre\bin\management.dll
0x00007ff9ce500000 - 0x00007ff9ce518000 	C:\WINDOWS\SYSTEM32\CRYPTSP.dll
0x00007ff9cdc20000 - 0x00007ff9cdc54000 	C:\WINDOWS\system32\rsaenh.dll
0x00007ff9cf4d0000 - 0x00007ff9cf4f7000 	C:\WINDOWS\System32\bcrypt.dll
0x00007ff9cea90000 - 0x00007ff9ceabe000 	C:\WINDOWS\SYSTEM32\USERENV.dll
0x00007ff9ced70000 - 0x00007ff9cedf3000 	C:\WINDOWS\System32\bcryptprimitives.dll
0x00007ff9ce520000 - 0x00007ff9ce52c000 	C:\WINDOWS\SYSTEM32\CRYPTBASE.dll
0x00007ff9cdf90000 - 0x00007ff9cdfcb000 	C:\WINDOWS\SYSTEM32\IPHLPAPI.DLL
0x00007ff9cf500000 - 0x00007ff9cf508000 	C:\WINDOWS\System32\NSI.dll
0x00007ff9c1b00000 - 0x00007ff9c1b17000 	C:\WINDOWS\SYSTEM32\dhcpcsvc6.DLL
0x00007ff9c3d60000 - 0x00007ff9c3d7d000 	C:\WINDOWS\SYSTEM32\dhcpcsvc.DLL
0x00007ff9ce030000 - 0x00007ff9ce0fb000 	C:\WINDOWS\SYSTEM32\DNSAPI.dll

VM Arguments:
jvm_args: -XX:MaxMetaspaceSize=256m -XX:+HeapDumpOnOutOfMemoryError -Xms256m -Xmx512m -Dfile.encoding=windows-1252 -Duser.country=US -Duser.language=en -Duser.variant 
java_command: org.gradle.launcher.daemon.bootstrap.GradleDaemon 6.9
java_class_path (initial): C:\Users\USER\.gradle\wrapper\dists\gradle-6.9-all\dooywd8nv05k16orzxge2b1bs\gradle-6.9\lib\gradle-launcher-6.9.jar
Launcher Type: SUN_STANDARD

Environment Variables:
JAVA_HOME=C:\Program Files\Java\jdk1.8.0_211
CLASSPATH=E:\Matrix-work-from home\ReactNativeProject\kickapp\android\\gradle\wrapper\gradle-wrapper.jar
PATH=E:\Matrix-work-from home\ReactNativeProject\kickapp\android\node_modules\.bin;E:\Matrix-work-from home\ReactNativeProject\kickapp\node_modules\.bin;E:\Matrix-work-from home\ReactNativeProject\node_modules\.bin;E:\Matrix-work-from home\node_modules\.bin;E:\node_modules\.bin;C:\Program Files\nodejs;E:\Matrix-work-from home\ReactNativeProject\kickapp\node_modules\.bin;C:\Python27\;C:\Python27\Scripts;C:\Program Files\Intel\iCLS Client\;C:\WINDOWS\system32;C:\WINDOWS;C:\WINDOWS\System32\Wbem;C:\WINDOWS\System32\WindowsPowerShell\v1.0\;C:\Program Files (x86)\Microsoft VS Code\bin;C:\ProgramData\chocolatey\bin;C:\Program Files\Java\jdk1.8.0_211\bin;C:\Program Files\nodejs\;C:\Program Files\Git\cmd;C:\WINDOWS\System32\OpenSSH\;C:\Users\USER\AppData\Local\Android\Sdk\platform-tools;C:\Users\USER\AppData\Local\GitHubDesktop\bin;C:\Users\USER\AppData\Roaming\npm;%USERPROFILE%\AppData\Local\Microsoft\WindowsApps
USERNAME=USER
OS=Windows_NT
PROCESSOR_IDENTIFIER=Intel64 Family 6 Model 78 Stepping 3, GenuineIntel



---------------  S Y S T E M  ---------------

OS: Windows 10.0 , 64 bit Build 19041 (10.0.19041.1348)

CPU:total 4 (initial active 4) (2 cores per cpu, 2 threads per core) family 6 model 78 stepping 3, cmov, cx8, fxsr, mmx, sse, sse2, sse3, ssse3, sse4.1, sse4.2, popcnt, avx, avx2, aes, clmul, erms, rtm, 3dnowpref, lzcnt, ht, tsc, tscinvbit, bmi1, bmi2, adx

Memory: 4k page, physical 12358724k(1917968k free), swap 12358724k(4224k free)

vm_info: Java HotSpot(TM) 64-Bit Server VM (25.211-b12) for windows-amd64 JRE (1.8.0_211-b12), built on Apr  1 2019 20:53:26 by "java_re" with MS VC++ 10.0 (VS2010)

time: Wed Jan 19 21:28:11 2022
timezone: India Standard Time
elapsed time: 3 seconds (0d 0h 0m 3s)

